{"/home/travis/build/kaizhu256/node-child-process-rmrf/test.js":{"path":"/home/travis/build/kaizhu256/node-child-process-rmrf/test.js","s":{"1":2,"2":2,"3":2,"4":2,"5":2,"6":0,"7":0,"8":0,"9":0,"10":0,"11":0,"12":0,"13":0,"14":0,"15":2,"16":2,"17":2,"18":2,"19":2,"20":0,"21":0,"22":0,"23":0,"24":0,"25":2,"26":0,"27":0,"28":0,"29":0,"30":0,"31":2,"32":0,"33":0,"34":0,"35":0,"36":0,"37":0,"38":0,"39":0,"40":2,"41":0,"42":2,"43":0,"44":2,"45":0,"46":2,"47":0,"48":0,"49":0,"50":0,"51":0,"52":2,"53":1,"54":1,"55":1,"56":1,"57":1,"58":1,"59":1,"60":1,"61":1,"62":1,"63":1,"64":1,"65":1,"66":1,"67":1,"68":1,"69":1,"70":1,"71":1,"72":1,"73":1,"74":1,"75":1,"76":1,"77":1,"78":1,"79":1,"80":0,"81":2,"82":2,"83":2,"84":2,"85":2,"86":2,"87":2},"b":{"1":[2,0],"2":[0,2],"3":[2,1,1,1,1],"4":[0,0],"5":[0,0],"6":[0,0,0],"7":[0,0],"8":[0,0],"9":[0,0],"10":[0,0],"11":[0,0],"12":[0,0,0],"13":[0,0],"14":[1,1],"15":[2,2,0],"16":[2,1]},"f":{"1":2,"2":0,"3":0,"4":0,"5":0,"6":0,"7":0,"8":0,"9":0,"10":0,"11":0,"12":2,"13":2,"14":2},"fnMap":{"1":{"name":"(anonymous_1)","line":4,"loc":{"start":{"line":4,"column":1},"end":{"line":4,"column":23}},"skip":true},"2":{"name":"(anonymous_2)","line":13,"loc":{"start":{"line":13,"column":41},"end":{"line":13,"column":53}},"skip":true},"3":{"name":"(anonymous_3)","line":42,"loc":{"start":{"line":42,"column":24},"end":{"line":42,"column":51}},"skip":true},"4":{"name":"(anonymous_4)","line":68,"loc":{"start":{"line":68,"column":23},"end":{"line":68,"column":38}},"skip":true},"5":{"name":"(anonymous_5)","line":86,"loc":{"start":{"line":86,"column":38},"end":{"line":86,"column":60}},"skip":true},"6":{"name":"(anonymous_6)","line":116,"loc":{"start":{"line":116,"column":26},"end":{"line":116,"column":41}},"skip":true},"7":{"name":"(anonymous_7)","line":124,"loc":{"start":{"line":124,"column":21},"end":{"line":124,"column":38}},"skip":true},"8":{"name":"(anonymous_8)","line":130,"loc":{"start":{"line":130,"column":16},"end":{"line":130,"column":28}},"skip":true},"9":{"name":"(anonymous_9)","line":136,"loc":{"start":{"line":136,"column":32},"end":{"line":136,"column":58}},"skip":true},"10":{"name":"(anonymous_10)","line":143,"loc":{"start":{"line":143,"column":42},"end":{"line":143,"column":57}},"skip":true},"11":{"name":"(anonymous_11)","line":184,"loc":{"start":{"line":184,"column":53},"end":{"line":184,"column":65}},"skip":true},"12":{"name":"(anonymous_12)","line":190,"loc":{"start":{"line":190,"column":1},"end":{"line":190,"column":18}}},"13":{"name":"(anonymous_13)","line":196,"loc":{"start":{"line":196,"column":1},"end":{"line":196,"column":13}}},"14":{"name":"(anonymous_14)","line":209,"loc":{"start":{"line":209,"column":1},"end":{"line":209,"column":13}}}},"statementMap":{"1":{"start":{"line":4,"column":0},"end":{"line":186,"column":7},"skip":true},"2":{"start":{"line":6,"column":4},"end":{"line":6,"column":21},"skip":true},"3":{"start":{"line":7,"column":4},"end":{"line":7,"column":14},"skip":true},"4":{"start":{"line":9,"column":4},"end":{"line":9,"column":64},"skip":true},"5":{"start":{"line":11,"column":4},"end":{"line":28,"column":5},"skip":true},"6":{"start":{"line":12,"column":8},"end":{"line":12,"column":37},"skip":true},"7":{"start":{"line":13,"column":8},"end":{"line":27,"column":10},"skip":true},"8":{"start":{"line":18,"column":12},"end":{"line":18,"column":24},"skip":true},"9":{"start":{"line":19,"column":12},"end":{"line":19,"column":44},"skip":true},"10":{"start":{"line":21,"column":12},"end":{"line":21,"column":62},"skip":true},"11":{"start":{"line":22,"column":12},"end":{"line":22,"column":49},"skip":true},"12":{"start":{"line":23,"column":12},"end":{"line":23,"column":49},"skip":true},"13":{"start":{"line":24,"column":12},"end":{"line":24,"column":31},"skip":true},"14":{"start":{"line":26,"column":12},"end":{"line":26,"column":30},"skip":true},"15":{"start":{"line":30,"column":4},"end":{"line":30,"column":15},"skip":true},"16":{"start":{"line":31,"column":4},"end":{"line":31,"column":24},"skip":true},"17":{"start":{"line":32,"column":4},"end":{"line":32,"column":35},"skip":true},"18":{"start":{"line":34,"column":4},"end":{"line":40,"column":6},"skip":true},"19":{"start":{"line":42,"column":4},"end":{"line":67,"column":6},"skip":true},"20":{"start":{"line":46,"column":8},"end":{"line":46,"column":16},"skip":true},"21":{"start":{"line":47,"column":8},"end":{"line":49,"column":9},"skip":true},"22":{"start":{"line":48,"column":12},"end":{"line":48,"column":19},"skip":true},"23":{"start":{"line":50,"column":8},"end":{"line":65,"column":10},"skip":true},"24":{"start":{"line":66,"column":8},"end":{"line":66,"column":18},"skip":true},"25":{"start":{"line":68,"column":4},"end":{"line":85,"column":6},"skip":true},"26":{"start":{"line":72,"column":8},"end":{"line":72,"column":26},"skip":true},"27":{"start":{"line":73,"column":8},"end":{"line":77,"column":9},"skip":true},"28":{"start":{"line":74,"column":12},"end":{"line":74,"column":53},"skip":true},"29":{"start":{"line":76,"column":12},"end":{"line":76,"column":19},"skip":true},"30":{"start":{"line":78,"column":8},"end":{"line":84,"column":11},"skip":true},"31":{"start":{"line":86,"column":4},"end":{"line":115,"column":6},"skip":true},"32":{"start":{"line":90,"column":8},"end":{"line":90,"column":15},"skip":true},"33":{"start":{"line":91,"column":8},"end":{"line":95,"column":9},"skip":true},"34":{"start":{"line":92,"column":12},"end":{"line":92,"column":31},"skip":true},"35":{"start":{"line":94,"column":12},"end":{"line":94,"column":19},"skip":true},"36":{"start":{"line":97,"column":8},"end":{"line":114,"column":9},"skip":true},"37":{"start":{"line":98,"column":12},"end":{"line":98,"column":41},"skip":true},"38":{"start":{"line":101,"column":12},"end":{"line":111,"column":14},"skip":true},"39":{"start":{"line":113,"column":12},"end":{"line":113,"column":41},"skip":true},"40":{"start":{"line":116,"column":4},"end":{"line":123,"column":6},"skip":true},"41":{"start":{"line":122,"column":8},"end":{"line":122,"column":32},"skip":true},"42":{"start":{"line":124,"column":4},"end":{"line":129,"column":6},"skip":true},"43":{"start":{"line":128,"column":8},"end":{"line":128,"column":21},"skip":true},"44":{"start":{"line":130,"column":4},"end":{"line":135,"column":6},"skip":true},"45":{"start":{"line":134,"column":8},"end":{"line":134,"column":15},"skip":true},"46":{"start":{"line":136,"column":4},"end":{"line":153,"column":6},"skip":true},"47":{"start":{"line":142,"column":8},"end":{"line":142,"column":30},"skip":true},"48":{"start":{"line":143,"column":8},"end":{"line":151,"column":11},"skip":true},"49":{"start":{"line":144,"column":12},"end":{"line":150,"column":13},"skip":true},"50":{"start":{"line":149,"column":16},"end":{"line":149,"column":57},"skip":true},"51":{"start":{"line":152,"column":8},"end":{"line":152,"column":22},"skip":true},"52":{"start":{"line":155,"column":4},"end":{"line":183,"column":5},"skip":true},"53":{"start":{"line":156,"column":8},"end":{"line":156,"column":41},"skip":true},"54":{"start":{"line":157,"column":8},"end":{"line":157,"column":41},"skip":true},"55":{"start":{"line":158,"column":8},"end":{"line":158,"column":55},"skip":true},"56":{"start":{"line":159,"column":8},"end":{"line":159,"column":43},"skip":true},"57":{"start":{"line":160,"column":8},"end":{"line":160,"column":41},"skip":true},"58":{"start":{"line":161,"column":8},"end":{"line":161,"column":39},"skip":true},"59":{"start":{"line":162,"column":8},"end":{"line":162,"column":35},"skip":true},"60":{"start":{"line":163,"column":8},"end":{"line":163,"column":41},"skip":true},"61":{"start":{"line":164,"column":8},"end":{"line":164,"column":41},"skip":true},"62":{"start":{"line":165,"column":8},"end":{"line":165,"column":33},"skip":true},"63":{"start":{"line":166,"column":8},"end":{"line":166,"column":37},"skip":true},"64":{"start":{"line":167,"column":8},"end":{"line":167,"column":39},"skip":true},"65":{"start":{"line":168,"column":8},"end":{"line":168,"column":35},"skip":true},"66":{"start":{"line":169,"column":8},"end":{"line":169,"column":33},"skip":true},"67":{"start":{"line":170,"column":8},"end":{"line":170,"column":37},"skip":true},"68":{"start":{"line":171,"column":8},"end":{"line":171,"column":51},"skip":true},"69":{"start":{"line":172,"column":8},"end":{"line":172,"column":45},"skip":true},"70":{"start":{"line":173,"column":8},"end":{"line":173,"column":37},"skip":true},"71":{"start":{"line":174,"column":8},"end":{"line":174,"column":41},"skip":true},"72":{"start":{"line":175,"column":8},"end":{"line":175,"column":57},"skip":true},"73":{"start":{"line":176,"column":8},"end":{"line":176,"column":41},"skip":true},"74":{"start":{"line":177,"column":8},"end":{"line":177,"column":35},"skip":true},"75":{"start":{"line":178,"column":8},"end":{"line":178,"column":35},"skip":true},"76":{"start":{"line":179,"column":8},"end":{"line":179,"column":35},"skip":true},"77":{"start":{"line":180,"column":8},"end":{"line":180,"column":37},"skip":true},"78":{"start":{"line":181,"column":8},"end":{"line":181,"column":33},"skip":true},"79":{"start":{"line":182,"column":8},"end":{"line":182,"column":37},"skip":true},"80":{"start":{"line":185,"column":4},"end":{"line":185,"column":37},"skip":true},"81":{"start":{"line":190,"column":0},"end":{"line":212,"column":5}},"82":{"start":{"line":196,"column":0},"end":{"line":204,"column":5}},"83":{"start":{"line":198,"column":0},"end":{"line":200,"column":18}},"84":{"start":{"line":201,"column":0},"end":{"line":201,"column":25}},"85":{"start":{"line":203,"column":0},"end":{"line":203,"column":28}},"86":{"start":{"line":209,"column":0},"end":{"line":211,"column":5}},"87":{"start":{"line":210,"column":0},"end":{"line":210,"column":7}}},"branchMap":{"1":{"line":9,"type":"binary-expr","locations":[{"start":{"line":9,"column":28},"end":{"line":9,"column":49},"skip":true},{"start":{"line":9,"column":53},"end":{"line":9,"column":63},"skip":true}]},"2":{"line":11,"type":"if","locations":[{"start":{"line":11,"column":4},"end":{"line":11,"column":4},"skip":true},{"start":{"line":11,"column":4},"end":{"line":11,"column":4},"skip":true}]},"3":{"line":35,"type":"binary-expr","locations":[{"start":{"line":35,"column":8},"end":{"line":35,"column":34},"skip":true},{"start":{"line":36,"column":11},"end":{"line":36,"column":32},"skip":true},{"start":{"line":37,"column":11},"end":{"line":37,"column":54},"skip":true},{"start":{"line":38,"column":11},"end":{"line":38,"column":26},"skip":true},{"start":{"line":39,"column":11},"end":{"line":39,"column":62},"skip":true}]},"4":{"line":47,"type":"if","locations":[{"start":{"line":47,"column":8},"end":{"line":47,"column":8},"skip":true},{"start":{"line":47,"column":8},"end":{"line":47,"column":8},"skip":true}]},"5":{"line":51,"type":"cond-expr","locations":[{"start":{"line":57,"column":14},"end":{"line":57,"column":21},"skip":true},{"start":{"line":58,"column":14},"end":{"line":64,"column":13},"skip":true}]},"6":{"line":52,"type":"binary-expr","locations":[{"start":{"line":52,"column":16},"end":{"line":52,"column":23},"skip":true},{"start":{"line":53,"column":19},"end":{"line":53,"column":54},"skip":true},{"start":{"line":54,"column":19},"end":{"line":54,"column":52},"skip":true}]},"7":{"line":59,"type":"cond-expr","locations":[{"start":{"line":61,"column":18},"end":{"line":61,"column":25},"skip":true},{"start":{"line":63,"column":18},"end":{"line":63,"column":50},"skip":true}]},"8":{"line":122,"type":"binary-expr","locations":[{"start":{"line":122,"column":15},"end":{"line":122,"column":18},"skip":true},{"start":{"line":122,"column":22},"end":{"line":122,"column":31},"skip":true}]},"9":{"line":142,"type":"binary-expr","locations":[{"start":{"line":142,"column":17},"end":{"line":142,"column":23},"skip":true},{"start":{"line":142,"column":27},"end":{"line":142,"column":29},"skip":true}]},"10":{"line":143,"type":"binary-expr","locations":[{"start":{"line":143,"column":20},"end":{"line":143,"column":26},"skip":true},{"start":{"line":143,"column":30},"end":{"line":143,"column":32},"skip":true}]},"11":{"line":144,"type":"if","locations":[{"start":{"line":144,"column":12},"end":{"line":144,"column":12},"skip":true},{"start":{"line":144,"column":12},"end":{"line":144,"column":12},"skip":true}]},"12":{"line":145,"type":"binary-expr","locations":[{"start":{"line":145,"column":16},"end":{"line":145,"column":36},"skip":true},{"start":{"line":146,"column":19},"end":{"line":146,"column":44},"skip":true},{"start":{"line":147,"column":19},"end":{"line":147,"column":37},"skip":true}]},"13":{"line":149,"type":"binary-expr","locations":[{"start":{"line":149,"column":30},"end":{"line":149,"column":41},"skip":true},{"start":{"line":149,"column":45},"end":{"line":149,"column":56},"skip":true}]},"14":{"line":155,"type":"if","locations":[{"start":{"line":155,"column":4},"end":{"line":155,"column":4},"skip":true},{"start":{"line":155,"column":4},"end":{"line":155,"column":4},"skip":true}]},"15":{"line":184,"type":"binary-expr","locations":[{"start":{"line":184,"column":3},"end":{"line":184,"column":33},"skip":true},{"start":{"line":184,"column":37},"end":{"line":184,"column":47},"skip":true},{"start":{"line":184,"column":53},"end":{"line":186,"column":3},"skip":true}]},"16":{"line":199,"type":"binary-expr","locations":[{"start":{"line":199,"column":4},"end":{"line":199,"column":23}},{"start":{"line":199,"column":27},"end":{"line":199,"column":46}}]}},"code":["/* istanbul instrument in package child_process_rmrf */","/* istanbul ignore next */","/* jslint utility2:true */","(function (globalThis) {","    \"use strict\";","    var consoleError;","    var local;","    // init globalThis","    globalThis.globalThis = globalThis.globalThis || globalThis;","    // init debug_inline","    if (!globalThis[\"debug\\u0049nline\"]) {","        consoleError = console.error;","        globalThis[\"debug\\u0049nline\"] = function () {","        /*","         * this function will both print <arguments> to stderr","         * and return <arguments>[0]","         */","            var argList;","            argList = Array.from(arguments); // jslint ignore:line","            // debug arguments","            globalThis[\"debug\\u0049nlineArguments\"] = argList;","            consoleError(\"\\n\\ndebug\\u0049nline\");","            consoleError.apply(console, argList);","            consoleError(\"\\n\");","            // return arg0 for inspection","            return argList[0];","        };","    }","    // init local","    local = {};","    local.local = local;","    globalThis.globalLocal = local;","    // init isBrowser","    local.isBrowser = (","        typeof window === \"object\"","        && window === globalThis","        && typeof window.XMLHttpRequest === \"function\"","        && window.document","        && typeof window.document.querySelector === \"function\"","    );","    // init function","    local.assertThrow = function (passed, message) {","    /*","     * this function will throw err.<message> if <passed> is falsy","     */","        var err;","        if (passed) {","            return;","        }","        err = (","            (","                message","                && typeof message.message === \"string\"","                && typeof message.stack === \"string\"","            )","            // if message is errObj, then leave as is","            ? message","            : new Error(","                typeof message === \"string\"","                // if message is a string, then leave as is","                ? message","                // else JSON.stringify message","                : JSON.stringify(message, null, 4)","            )","        );","        throw err;","    };","    local.fsRmrfSync = function (dir) {","    /*","     * this function will sync \"rm -rf\" <dir>","     */","        var child_process;","        try {","            child_process = require(\"child_process\");","        } catch (ignore) {","            return;","        }","        child_process.spawnSync(\"rm\", [","            \"-rf\", dir","        ], {","            stdio: [","                \"ignore\", 1, 2","            ]","        });","    };","    local.fsWriteFileWithMkdirpSync = function (file, data) {","    /*","     * this function will sync write <data> to <file> with \"mkdir -p\"","     */","        var fs;","        try {","            fs = require(\"fs\");","        } catch (ignore) {","            return;","        }","        // try to write file","        try {","            fs.writeFileSync(file, data);","        } catch (ignore) {","            // mkdir -p","            require(\"child_process\").spawnSync(","                \"mkdir\",","                [","                    \"-p\", require(\"path\").dirname(file)","                ],","                {","                    stdio: [","                        \"ignore\", 1, 2","                    ]","                }","            );","            // rewrite file","            fs.writeFileSync(file, data);","        }","    };","    local.functionOrNop = function (fnc) {","    /*","     * this function will if <fnc> exists,","     * them return <fnc>,","     * else return <nop>","     */","        return fnc || local.nop;","    };","    local.identity = function (value) {","    /*","     * this function will return <value>","     */","        return value;","    };","    local.nop = function () {","    /*","     * this function will do nothing","     */","        return;","    };","    local.objectAssignDefault = function (target, source) {","    /*","     * this function will if items from <target> are","     * null, undefined, or empty-string,","     * then overwrite them with items from <source>","     */","        target = target || {};","        Object.keys(source || {}).forEach(function (key) {","            if (","                target[key] === null","                || target[key] === undefined","                || target[key] === \"\"","            ) {","                target[key] = target[key] || source[key];","            }","        });","        return target;","    };","    // require builtin","    if (!local.isBrowser) {","        local.assert = require(\"assert\");","        local.buffer = require(\"buffer\");","        local.child_process = require(\"child_process\");","        local.cluster = require(\"cluster\");","        local.crypto = require(\"crypto\");","        local.dgram = require(\"dgram\");","        local.dns = require(\"dns\");","        local.domain = require(\"domain\");","        local.events = require(\"events\");","        local.fs = require(\"fs\");","        local.http = require(\"http\");","        local.https = require(\"https\");","        local.net = require(\"net\");","        local.os = require(\"os\");","        local.path = require(\"path\");","        local.querystring = require(\"querystring\");","        local.readline = require(\"readline\");","        local.repl = require(\"repl\");","        local.stream = require(\"stream\");","        local.string_decoder = require(\"string_decoder\");","        local.timers = require(\"timers\");","        local.tls = require(\"tls\");","        local.tty = require(\"tty\");","        local.url = require(\"url\");","        local.util = require(\"util\");","        local.vm = require(\"vm\");","        local.zlib = require(\"zlib\");","    }","}((typeof globalThis === \"object\" && globalThis) || (function () {","    return Function(\"return this\")(); // jslint ignore:line","}())));","","","","(function (local) {","\"use strict\";","","","","// run shared js-env code - init-before","(function () {","// init local","local = (","    globalThis.utility2 || require(\"utility2\")",").requireReadme();","globalThis.local = local;","// init test","local.testRunDefault(local);","}());","","","","// run shared js-env code - function","(function () {","return;","}());","}());",""],"l":{"4":2,"6":2,"7":2,"9":2,"11":2,"12":1,"13":1,"18":1,"19":1,"21":1,"22":1,"23":1,"24":1,"26":1,"30":2,"31":2,"32":2,"34":2,"42":2,"46":1,"47":1,"48":1,"50":1,"66":1,"68":2,"72":1,"73":1,"74":1,"76":1,"78":1,"86":2,"90":1,"91":1,"92":1,"94":1,"97":1,"98":1,"101":1,"113":1,"116":2,"122":1,"124":2,"128":1,"130":2,"134":1,"136":2,"142":1,"143":1,"144":1,"149":1,"152":1,"155":2,"156":1,"157":1,"158":1,"159":1,"160":1,"161":1,"162":1,"163":1,"164":1,"165":1,"166":1,"167":1,"168":1,"169":1,"170":1,"171":1,"172":1,"173":1,"174":1,"175":1,"176":1,"177":1,"178":1,"179":1,"180":1,"181":1,"182":1,"185":1,"190":2,"196":2,"198":2,"201":2,"203":2,"209":2,"210":2}},"/home/travis/build/kaizhu256/node-child-process-rmrf/lib.child_process_rmrf.js":{"path":"/home/travis/build/kaizhu256/node-child-process-rmrf/lib.child_process_rmrf.js","s":{"1":2,"2":2,"3":2,"4":2,"5":2,"6":0,"7":0,"8":0,"9":0,"10":0,"11":0,"12":0,"13":0,"14":0,"15":2,"16":2,"17":2,"18":2,"19":2,"20":0,"21":0,"22":0,"23":0,"24":0,"25":2,"26":0,"27":0,"28":0,"29":0,"30":0,"31":2,"32":0,"33":0,"34":0,"35":0,"36":0,"37":0,"38":0,"39":0,"40":2,"41":0,"42":2,"43":0,"44":2,"45":0,"46":2,"47":1,"48":1,"49":9,"50":9,"51":1,"52":2,"53":1,"54":1,"55":1,"56":1,"57":1,"58":1,"59":1,"60":1,"61":1,"62":1,"63":1,"64":1,"65":1,"66":1,"67":1,"68":1,"69":1,"70":1,"71":1,"72":1,"73":1,"74":1,"75":1,"76":1,"77":1,"78":1,"79":1,"80":0,"81":2,"82":2,"83":2,"84":2,"85":1,"86":1,"87":1,"88":2,"89":2},"b":{"1":[2,0],"2":[0,2],"3":[2,1,1,1,1],"4":[0,0],"5":[0,0],"6":[0,0,0],"7":[0,0],"8":[0,0],"9":[1,0],"10":[1,0],"11":[9,0],"12":[9,9,0],"13":[9,9],"14":[1,1],"15":[2,2,0],"16":[2,2],"17":[1,1]},"f":{"1":2,"2":0,"3":0,"4":0,"5":0,"6":0,"7":0,"8":0,"9":1,"10":9,"11":0,"12":2,"13":2},"fnMap":{"1":{"name":"(anonymous_1)","line":14,"loc":{"start":{"line":14,"column":1},"end":{"line":14,"column":23}},"skip":true},"2":{"name":"(anonymous_2)","line":23,"loc":{"start":{"line":23,"column":41},"end":{"line":23,"column":53}},"skip":true},"3":{"name":"(anonymous_3)","line":52,"loc":{"start":{"line":52,"column":24},"end":{"line":52,"column":51}},"skip":true},"4":{"name":"(anonymous_4)","line":78,"loc":{"start":{"line":78,"column":23},"end":{"line":78,"column":38}},"skip":true},"5":{"name":"(anonymous_5)","line":96,"loc":{"start":{"line":96,"column":38},"end":{"line":96,"column":60}},"skip":true},"6":{"name":"(anonymous_6)","line":126,"loc":{"start":{"line":126,"column":26},"end":{"line":126,"column":41}},"skip":true},"7":{"name":"(anonymous_7)","line":134,"loc":{"start":{"line":134,"column":21},"end":{"line":134,"column":38}},"skip":true},"8":{"name":"(anonymous_8)","line":140,"loc":{"start":{"line":140,"column":16},"end":{"line":140,"column":28}},"skip":true},"9":{"name":"(anonymous_9)","line":146,"loc":{"start":{"line":146,"column":32},"end":{"line":146,"column":58}},"skip":true},"10":{"name":"(anonymous_10)","line":153,"loc":{"start":{"line":153,"column":42},"end":{"line":153,"column":57}},"skip":true},"11":{"name":"(anonymous_11)","line":194,"loc":{"start":{"line":194,"column":53},"end":{"line":194,"column":65}},"skip":true},"12":{"name":"(anonymous_12)","line":200,"loc":{"start":{"line":200,"column":1},"end":{"line":200,"column":18}}},"13":{"name":"(anonymous_13)","line":207,"loc":{"start":{"line":207,"column":1},"end":{"line":207,"column":13}},"skip":true}},"statementMap":{"1":{"start":{"line":14,"column":0},"end":{"line":196,"column":7},"skip":true},"2":{"start":{"line":16,"column":4},"end":{"line":16,"column":21},"skip":true},"3":{"start":{"line":17,"column":4},"end":{"line":17,"column":14},"skip":true},"4":{"start":{"line":19,"column":4},"end":{"line":19,"column":64},"skip":true},"5":{"start":{"line":21,"column":4},"end":{"line":38,"column":5},"skip":true},"6":{"start":{"line":22,"column":8},"end":{"line":22,"column":37},"skip":true},"7":{"start":{"line":23,"column":8},"end":{"line":37,"column":10},"skip":true},"8":{"start":{"line":28,"column":12},"end":{"line":28,"column":24},"skip":true},"9":{"start":{"line":29,"column":12},"end":{"line":29,"column":44},"skip":true},"10":{"start":{"line":31,"column":12},"end":{"line":31,"column":62},"skip":true},"11":{"start":{"line":32,"column":12},"end":{"line":32,"column":49},"skip":true},"12":{"start":{"line":33,"column":12},"end":{"line":33,"column":49},"skip":true},"13":{"start":{"line":34,"column":12},"end":{"line":34,"column":31},"skip":true},"14":{"start":{"line":36,"column":12},"end":{"line":36,"column":30},"skip":true},"15":{"start":{"line":40,"column":4},"end":{"line":40,"column":15},"skip":true},"16":{"start":{"line":41,"column":4},"end":{"line":41,"column":24},"skip":true},"17":{"start":{"line":42,"column":4},"end":{"line":42,"column":35},"skip":true},"18":{"start":{"line":44,"column":4},"end":{"line":50,"column":6},"skip":true},"19":{"start":{"line":52,"column":4},"end":{"line":77,"column":6},"skip":true},"20":{"start":{"line":56,"column":8},"end":{"line":56,"column":16},"skip":true},"21":{"start":{"line":57,"column":8},"end":{"line":59,"column":9},"skip":true},"22":{"start":{"line":58,"column":12},"end":{"line":58,"column":19},"skip":true},"23":{"start":{"line":60,"column":8},"end":{"line":75,"column":10},"skip":true},"24":{"start":{"line":76,"column":8},"end":{"line":76,"column":18},"skip":true},"25":{"start":{"line":78,"column":4},"end":{"line":95,"column":6},"skip":true},"26":{"start":{"line":82,"column":8},"end":{"line":82,"column":26},"skip":true},"27":{"start":{"line":83,"column":8},"end":{"line":87,"column":9},"skip":true},"28":{"start":{"line":84,"column":12},"end":{"line":84,"column":53},"skip":true},"29":{"start":{"line":86,"column":12},"end":{"line":86,"column":19},"skip":true},"30":{"start":{"line":88,"column":8},"end":{"line":94,"column":11},"skip":true},"31":{"start":{"line":96,"column":4},"end":{"line":125,"column":6},"skip":true},"32":{"start":{"line":100,"column":8},"end":{"line":100,"column":15},"skip":true},"33":{"start":{"line":101,"column":8},"end":{"line":105,"column":9},"skip":true},"34":{"start":{"line":102,"column":12},"end":{"line":102,"column":31},"skip":true},"35":{"start":{"line":104,"column":12},"end":{"line":104,"column":19},"skip":true},"36":{"start":{"line":107,"column":8},"end":{"line":124,"column":9},"skip":true},"37":{"start":{"line":108,"column":12},"end":{"line":108,"column":41},"skip":true},"38":{"start":{"line":111,"column":12},"end":{"line":121,"column":14},"skip":true},"39":{"start":{"line":123,"column":12},"end":{"line":123,"column":41},"skip":true},"40":{"start":{"line":126,"column":4},"end":{"line":133,"column":6},"skip":true},"41":{"start":{"line":132,"column":8},"end":{"line":132,"column":32},"skip":true},"42":{"start":{"line":134,"column":4},"end":{"line":139,"column":6},"skip":true},"43":{"start":{"line":138,"column":8},"end":{"line":138,"column":21},"skip":true},"44":{"start":{"line":140,"column":4},"end":{"line":145,"column":6},"skip":true},"45":{"start":{"line":144,"column":8},"end":{"line":144,"column":15},"skip":true},"46":{"start":{"line":146,"column":4},"end":{"line":163,"column":6},"skip":true},"47":{"start":{"line":152,"column":8},"end":{"line":152,"column":30},"skip":true},"48":{"start":{"line":153,"column":8},"end":{"line":161,"column":11},"skip":true},"49":{"start":{"line":154,"column":12},"end":{"line":160,"column":13},"skip":true},"50":{"start":{"line":159,"column":16},"end":{"line":159,"column":57},"skip":true},"51":{"start":{"line":162,"column":8},"end":{"line":162,"column":22},"skip":true},"52":{"start":{"line":165,"column":4},"end":{"line":193,"column":5},"skip":true},"53":{"start":{"line":166,"column":8},"end":{"line":166,"column":41},"skip":true},"54":{"start":{"line":167,"column":8},"end":{"line":167,"column":41},"skip":true},"55":{"start":{"line":168,"column":8},"end":{"line":168,"column":55},"skip":true},"56":{"start":{"line":169,"column":8},"end":{"line":169,"column":43},"skip":true},"57":{"start":{"line":170,"column":8},"end":{"line":170,"column":41},"skip":true},"58":{"start":{"line":171,"column":8},"end":{"line":171,"column":39},"skip":true},"59":{"start":{"line":172,"column":8},"end":{"line":172,"column":35},"skip":true},"60":{"start":{"line":173,"column":8},"end":{"line":173,"column":41},"skip":true},"61":{"start":{"line":174,"column":8},"end":{"line":174,"column":41},"skip":true},"62":{"start":{"line":175,"column":8},"end":{"line":175,"column":33},"skip":true},"63":{"start":{"line":176,"column":8},"end":{"line":176,"column":37},"skip":true},"64":{"start":{"line":177,"column":8},"end":{"line":177,"column":39},"skip":true},"65":{"start":{"line":178,"column":8},"end":{"line":178,"column":35},"skip":true},"66":{"start":{"line":179,"column":8},"end":{"line":179,"column":33},"skip":true},"67":{"start":{"line":180,"column":8},"end":{"line":180,"column":37},"skip":true},"68":{"start":{"line":181,"column":8},"end":{"line":181,"column":51},"skip":true},"69":{"start":{"line":182,"column":8},"end":{"line":182,"column":45},"skip":true},"70":{"start":{"line":183,"column":8},"end":{"line":183,"column":37},"skip":true},"71":{"start":{"line":184,"column":8},"end":{"line":184,"column":41},"skip":true},"72":{"start":{"line":185,"column":8},"end":{"line":185,"column":57},"skip":true},"73":{"start":{"line":186,"column":8},"end":{"line":186,"column":41},"skip":true},"74":{"start":{"line":187,"column":8},"end":{"line":187,"column":35},"skip":true},"75":{"start":{"line":188,"column":8},"end":{"line":188,"column":35},"skip":true},"76":{"start":{"line":189,"column":8},"end":{"line":189,"column":35},"skip":true},"77":{"start":{"line":190,"column":8},"end":{"line":190,"column":37},"skip":true},"78":{"start":{"line":191,"column":8},"end":{"line":191,"column":33},"skip":true},"79":{"start":{"line":192,"column":8},"end":{"line":192,"column":37},"skip":true},"80":{"start":{"line":195,"column":4},"end":{"line":195,"column":37},"skip":true},"81":{"start":{"line":200,"column":0},"end":{"line":230,"column":5}},"82":{"start":{"line":207,"column":0},"end":{"line":229,"column":5},"skip":true},"83":{"start":{"line":209,"column":0},"end":{"line":214,"column":2},"skip":true},"84":{"start":{"line":216,"column":0},"end":{"line":221,"column":1},"skip":true},"85":{"start":{"line":217,"column":4},"end":{"line":217,"column":51},"skip":true},"86":{"start":{"line":219,"column":4},"end":{"line":219,"column":27},"skip":true},"87":{"start":{"line":220,"column":4},"end":{"line":220,"column":41},"skip":true},"88":{"start":{"line":223,"column":0},"end":{"line":223,"column":33},"skip":true},"89":{"start":{"line":228,"column":0},"end":{"line":228,"column":7},"skip":true}},"branchMap":{"1":{"line":19,"type":"binary-expr","locations":[{"start":{"line":19,"column":28},"end":{"line":19,"column":49},"skip":true},{"start":{"line":19,"column":53},"end":{"line":19,"column":63},"skip":true}]},"2":{"line":21,"type":"if","locations":[{"start":{"line":21,"column":4},"end":{"line":21,"column":4},"skip":true},{"start":{"line":21,"column":4},"end":{"line":21,"column":4},"skip":true}]},"3":{"line":45,"type":"binary-expr","locations":[{"start":{"line":45,"column":8},"end":{"line":45,"column":34},"skip":true},{"start":{"line":46,"column":11},"end":{"line":46,"column":32},"skip":true},{"start":{"line":47,"column":11},"end":{"line":47,"column":54},"skip":true},{"start":{"line":48,"column":11},"end":{"line":48,"column":26},"skip":true},{"start":{"line":49,"column":11},"end":{"line":49,"column":62},"skip":true}]},"4":{"line":57,"type":"if","locations":[{"start":{"line":57,"column":8},"end":{"line":57,"column":8},"skip":true},{"start":{"line":57,"column":8},"end":{"line":57,"column":8},"skip":true}]},"5":{"line":61,"type":"cond-expr","locations":[{"start":{"line":67,"column":14},"end":{"line":67,"column":21},"skip":true},{"start":{"line":68,"column":14},"end":{"line":74,"column":13},"skip":true}]},"6":{"line":62,"type":"binary-expr","locations":[{"start":{"line":62,"column":16},"end":{"line":62,"column":23},"skip":true},{"start":{"line":63,"column":19},"end":{"line":63,"column":54},"skip":true},{"start":{"line":64,"column":19},"end":{"line":64,"column":52},"skip":true}]},"7":{"line":69,"type":"cond-expr","locations":[{"start":{"line":71,"column":18},"end":{"line":71,"column":25},"skip":true},{"start":{"line":73,"column":18},"end":{"line":73,"column":50},"skip":true}]},"8":{"line":132,"type":"binary-expr","locations":[{"start":{"line":132,"column":15},"end":{"line":132,"column":18},"skip":true},{"start":{"line":132,"column":22},"end":{"line":132,"column":31},"skip":true}]},"9":{"line":152,"type":"binary-expr","locations":[{"start":{"line":152,"column":17},"end":{"line":152,"column":23},"skip":true},{"start":{"line":152,"column":27},"end":{"line":152,"column":29},"skip":true}]},"10":{"line":153,"type":"binary-expr","locations":[{"start":{"line":153,"column":20},"end":{"line":153,"column":26},"skip":true},{"start":{"line":153,"column":30},"end":{"line":153,"column":32},"skip":true}]},"11":{"line":154,"type":"if","locations":[{"start":{"line":154,"column":12},"end":{"line":154,"column":12},"skip":true},{"start":{"line":154,"column":12},"end":{"line":154,"column":12},"skip":true}]},"12":{"line":155,"type":"binary-expr","locations":[{"start":{"line":155,"column":16},"end":{"line":155,"column":36},"skip":true},{"start":{"line":156,"column":19},"end":{"line":156,"column":44},"skip":true},{"start":{"line":157,"column":19},"end":{"line":157,"column":37},"skip":true}]},"13":{"line":159,"type":"binary-expr","locations":[{"start":{"line":159,"column":30},"end":{"line":159,"column":41},"skip":true},{"start":{"line":159,"column":45},"end":{"line":159,"column":56},"skip":true}]},"14":{"line":165,"type":"if","locations":[{"start":{"line":165,"column":4},"end":{"line":165,"column":4},"skip":true},{"start":{"line":165,"column":4},"end":{"line":165,"column":4},"skip":true}]},"15":{"line":194,"type":"binary-expr","locations":[{"start":{"line":194,"column":3},"end":{"line":194,"column":33},"skip":true},{"start":{"line":194,"column":37},"end":{"line":194,"column":47},"skip":true},{"start":{"line":194,"column":53},"end":{"line":196,"column":3},"skip":true}]},"16":{"line":210,"type":"binary-expr","locations":[{"start":{"line":210,"column":4},"end":{"line":210,"column":30},"skip":true},{"start":{"line":213,"column":7},"end":{"line":213,"column":29},"skip":true}]},"17":{"line":216,"type":"if","locations":[{"start":{"line":216,"column":0},"end":{"line":216,"column":0},"skip":true},{"start":{"line":216,"column":0},"end":{"line":216,"column":0},"skip":true}]}},"code":["//#!/usr/bin/env node","/*"," * lib.child_process_rmrf.js (0.0.1)"," * https://github.com/kaizhu256/node-child-process-rmrf"," * the greatest app in the world!"," *"," */","","","","/* istanbul instrument in package child_process_rmrf */","/* istanbul ignore next */","/* jslint utility2:true */","(function (globalThis) {","    \"use strict\";","    var consoleError;","    var local;","    // init globalThis","    globalThis.globalThis = globalThis.globalThis || globalThis;","    // init debug_inline","    if (!globalThis[\"debug\\u0049nline\"]) {","        consoleError = console.error;","        globalThis[\"debug\\u0049nline\"] = function () {","        /*","         * this function will both print <arguments> to stderr","         * and return <arguments>[0]","         */","            var argList;","            argList = Array.from(arguments); // jslint ignore:line","            // debug arguments","            globalThis[\"debug\\u0049nlineArguments\"] = argList;","            consoleError(\"\\n\\ndebug\\u0049nline\");","            consoleError.apply(console, argList);","            consoleError(\"\\n\");","            // return arg0 for inspection","            return argList[0];","        };","    }","    // init local","    local = {};","    local.local = local;","    globalThis.globalLocal = local;","    // init isBrowser","    local.isBrowser = (","        typeof window === \"object\"","        && window === globalThis","        && typeof window.XMLHttpRequest === \"function\"","        && window.document","        && typeof window.document.querySelector === \"function\"","    );","    // init function","    local.assertThrow = function (passed, message) {","    /*","     * this function will throw err.<message> if <passed> is falsy","     */","        var err;","        if (passed) {","            return;","        }","        err = (","            (","                message","                && typeof message.message === \"string\"","                && typeof message.stack === \"string\"","            )","            // if message is errObj, then leave as is","            ? message","            : new Error(","                typeof message === \"string\"","                // if message is a string, then leave as is","                ? message","                // else JSON.stringify message","                : JSON.stringify(message, null, 4)","            )","        );","        throw err;","    };","    local.fsRmrfSync = function (dir) {","    /*","     * this function will sync \"rm -rf\" <dir>","     */","        var child_process;","        try {","            child_process = require(\"child_process\");","        } catch (ignore) {","            return;","        }","        child_process.spawnSync(\"rm\", [","            \"-rf\", dir","        ], {","            stdio: [","                \"ignore\", 1, 2","            ]","        });","    };","    local.fsWriteFileWithMkdirpSync = function (file, data) {","    /*","     * this function will sync write <data> to <file> with \"mkdir -p\"","     */","        var fs;","        try {","            fs = require(\"fs\");","        } catch (ignore) {","            return;","        }","        // try to write file","        try {","            fs.writeFileSync(file, data);","        } catch (ignore) {","            // mkdir -p","            require(\"child_process\").spawnSync(","                \"mkdir\",","                [","                    \"-p\", require(\"path\").dirname(file)","                ],","                {","                    stdio: [","                        \"ignore\", 1, 2","                    ]","                }","            );","            // rewrite file","            fs.writeFileSync(file, data);","        }","    };","    local.functionOrNop = function (fnc) {","    /*","     * this function will if <fnc> exists,","     * them return <fnc>,","     * else return <nop>","     */","        return fnc || local.nop;","    };","    local.identity = function (value) {","    /*","     * this function will return <value>","     */","        return value;","    };","    local.nop = function () {","    /*","     * this function will do nothing","     */","        return;","    };","    local.objectAssignDefault = function (target, source) {","    /*","     * this function will if items from <target> are","     * null, undefined, or empty-string,","     * then overwrite them with items from <source>","     */","        target = target || {};","        Object.keys(source || {}).forEach(function (key) {","            if (","                target[key] === null","                || target[key] === undefined","                || target[key] === \"\"","            ) {","                target[key] = target[key] || source[key];","            }","        });","        return target;","    };","    // require builtin","    if (!local.isBrowser) {","        local.assert = require(\"assert\");","        local.buffer = require(\"buffer\");","        local.child_process = require(\"child_process\");","        local.cluster = require(\"cluster\");","        local.crypto = require(\"crypto\");","        local.dgram = require(\"dgram\");","        local.dns = require(\"dns\");","        local.domain = require(\"domain\");","        local.events = require(\"events\");","        local.fs = require(\"fs\");","        local.http = require(\"http\");","        local.https = require(\"https\");","        local.net = require(\"net\");","        local.os = require(\"os\");","        local.path = require(\"path\");","        local.querystring = require(\"querystring\");","        local.readline = require(\"readline\");","        local.repl = require(\"repl\");","        local.stream = require(\"stream\");","        local.string_decoder = require(\"string_decoder\");","        local.timers = require(\"timers\");","        local.tls = require(\"tls\");","        local.tty = require(\"tty\");","        local.url = require(\"url\");","        local.util = require(\"util\");","        local.vm = require(\"vm\");","        local.zlib = require(\"zlib\");","    }","}((typeof globalThis === \"object\" && globalThis) || (function () {","    return Function(\"return this\")(); // jslint ignore:line","}())));","","","","(function (local) {","\"use strict\";","","","","/* istanbul ignore next */","// run shared js-env code - init-before","(function () {","// init local","local = (","    globalThis.utility2_rollup","    // || globalThis.utility2_rollup_old","    // || require(\"./assets.utility2.rollup.js\")","    || globalThis.globalLocal",");","// init exports","if (local.isBrowser) {","    globalThis.utility2_child_process_rmrf = local;","} else {","    module.exports = local;","    module.exports.__dirname = __dirname;","}","// init lib main","local.child_process_rmrf = local;","","","","/* validateLineSortedReset */","return;","}());","}());",""],"l":{"14":2,"16":2,"17":2,"19":2,"21":2,"22":1,"23":1,"28":1,"29":1,"31":1,"32":1,"33":1,"34":1,"36":1,"40":2,"41":2,"42":2,"44":2,"52":2,"56":1,"57":1,"58":1,"60":1,"76":1,"78":2,"82":1,"83":1,"84":1,"86":1,"88":1,"96":2,"100":1,"101":1,"102":1,"104":1,"107":1,"108":1,"111":1,"123":1,"126":2,"132":1,"134":2,"138":1,"140":2,"144":1,"146":2,"152":1,"153":1,"154":9,"159":9,"162":1,"165":2,"166":1,"167":1,"168":1,"169":1,"170":1,"171":1,"172":1,"173":1,"174":1,"175":1,"176":1,"177":1,"178":1,"179":1,"180":1,"181":1,"182":1,"183":1,"184":1,"185":1,"186":1,"187":1,"188":1,"189":1,"190":1,"191":1,"192":1,"195":1,"200":2,"207":2,"209":2,"216":2,"217":1,"219":1,"220":1,"223":2,"228":2}},"/home/travis/build/kaizhu256/node-child-process-rmrf/example.js":{"path":"/home/travis/build/kaizhu256/node-child-process-rmrf/example.js","s":{"1":2,"2":2,"3":2,"4":2,"5":2,"6":0,"7":0,"8":0,"9":0,"10":0,"11":0,"12":0,"13":0,"14":0,"15":2,"16":2,"17":2,"18":2,"19":2,"20":0,"21":0,"22":0,"23":0,"24":0,"25":2,"26":0,"27":0,"28":0,"29":0,"30":0,"31":2,"32":0,"33":0,"34":0,"35":0,"36":0,"37":0,"38":0,"39":0,"40":2,"41":0,"42":2,"43":0,"44":2,"45":0,"46":2,"47":0,"48":0,"49":0,"50":0,"51":0,"52":2,"53":1,"54":1,"55":1,"56":1,"57":1,"58":1,"59":1,"60":1,"61":1,"62":1,"63":1,"64":1,"65":1,"66":1,"67":1,"68":1,"69":1,"70":1,"71":1,"72":1,"73":1,"74":1,"75":1,"76":1,"77":1,"78":1,"79":1,"80":0,"81":2,"82":2,"83":2,"84":2,"85":2,"86":2,"87":1,"88":1,"89":2,"90":2,"91":2,"92":2,"93":2,"94":0,"95":2,"96":2,"97":4,"98":4,"99":4,"100":4,"101":4,"102":1,"103":1,"104":1,"105":1,"106":1,"107":1,"108":0,"109":0,"110":0,"111":0,"112":0,"113":0,"114":0,"115":0,"116":0,"117":0,"118":0,"119":1,"120":2,"121":2,"122":1,"123":1,"124":1,"125":1,"126":3,"127":3,"128":3,"129":0,"130":1,"131":1,"132":1,"133":6,"134":1,"135":2,"136":0,"137":2,"138":1,"139":1,"140":1,"141":1,"142":1,"143":0,"144":0,"145":0,"146":0,"147":0,"148":0,"149":0,"150":0,"151":0,"152":0,"153":0,"154":0,"155":0,"156":0,"157":0},"b":{"1":[2,0],"2":[0,2],"3":[2,1,1,1,1],"4":[0,0],"5":[0,0],"6":[0,0,0],"7":[0,0],"8":[0,0],"9":[0,0],"10":[0,0],"11":[0,0],"12":[0,0,0],"13":[0,0],"14":[1,1],"15":[2,2,0],"16":[2,2,1],"17":[1,1],"18":[0,2],"19":[4,0],"20":[1,0],"21":[1,0],"22":[1,1,1,0],"23":[0,0],"24":[0,0],"25":[0,0],"26":[0,0],"27":[0,0],"28":[0,0],"29":[1,1],"30":[1,1],"31":[3,3],"32":[0,3],"33":[1,1],"34":[1,2,0,2,1],"35":[1,0],"36":[1,0],"37":[0,0],"38":[0,0],"39":[0,0],"40":[0,0],"41":[0,0],"42":[0,0]},"f":{"1":2,"2":0,"3":0,"4":0,"5":0,"6":0,"7":0,"8":0,"9":0,"10":0,"11":0,"12":2,"13":2,"14":2,"15":2,"16":4,"17":4,"18":1,"19":2,"20":3,"21":6,"22":0},"fnMap":{"1":{"name":"(anonymous_1)","line":109,"loc":{"start":{"line":109,"column":1},"end":{"line":109,"column":23}},"skip":true},"2":{"name":"(anonymous_2)","line":118,"loc":{"start":{"line":118,"column":41},"end":{"line":118,"column":53}},"skip":true},"3":{"name":"(anonymous_3)","line":147,"loc":{"start":{"line":147,"column":24},"end":{"line":147,"column":51}},"skip":true},"4":{"name":"(anonymous_4)","line":173,"loc":{"start":{"line":173,"column":23},"end":{"line":173,"column":38}},"skip":true},"5":{"name":"(anonymous_5)","line":191,"loc":{"start":{"line":191,"column":38},"end":{"line":191,"column":60}},"skip":true},"6":{"name":"(anonymous_6)","line":221,"loc":{"start":{"line":221,"column":26},"end":{"line":221,"column":41}},"skip":true},"7":{"name":"(anonymous_7)","line":229,"loc":{"start":{"line":229,"column":21},"end":{"line":229,"column":38}},"skip":true},"8":{"name":"(anonymous_8)","line":235,"loc":{"start":{"line":235,"column":16},"end":{"line":235,"column":28}},"skip":true},"9":{"name":"(anonymous_9)","line":241,"loc":{"start":{"line":241,"column":32},"end":{"line":241,"column":58}},"skip":true},"10":{"name":"(anonymous_10)","line":248,"loc":{"start":{"line":248,"column":42},"end":{"line":248,"column":57}},"skip":true},"11":{"name":"(anonymous_11)","line":289,"loc":{"start":{"line":289,"column":53},"end":{"line":289,"column":65}},"skip":true},"12":{"name":"(anonymous_12)","line":295,"loc":{"start":{"line":295,"column":1},"end":{"line":295,"column":18}}},"13":{"name":"(anonymous_13)","line":301,"loc":{"start":{"line":301,"column":1},"end":{"line":301,"column":13}}},"14":{"name":"(anonymous_14)","line":316,"loc":{"start":{"line":316,"column":1},"end":{"line":316,"column":13}},"skip":true},"15":{"name":"(anonymous_15)","line":321,"loc":{"start":{"line":321,"column":25},"end":{"line":321,"column":40}},"skip":true},"16":{"name":"(anonymous_16)","line":332,"loc":{"start":{"line":332,"column":19},"end":{"line":332,"column":31}},"skip":true},"17":{"name":"(anonymous_17)","line":336,"loc":{"start":{"line":336,"column":40},"end":{"line":336,"column":55}},"skip":true},"18":{"name":"(anonymous_18)","line":352,"loc":{"start":{"line":352,"column":23},"end":{"line":352,"column":38}},"skip":true},"19":{"name":"(anonymous_19)","line":411,"loc":{"start":{"line":411,"column":1},"end":{"line":411,"column":13}},"skip":true},"20":{"name":"(anonymous_20)","line":424,"loc":{"start":{"line":424,"column":10},"end":{"line":424,"column":26}},"skip":true},"21":{"name":"(anonymous_21)","line":902,"loc":{"start":{"line":902,"column":3},"end":{"line":902,"column":29}},"skip":true},"22":{"name":"(anonymous_22)","line":939,"loc":{"start":{"line":939,"column":24},"end":{"line":939,"column":44}},"skip":true}},"statementMap":{"1":{"start":{"line":109,"column":0},"end":{"line":291,"column":7},"skip":true},"2":{"start":{"line":111,"column":4},"end":{"line":111,"column":21},"skip":true},"3":{"start":{"line":112,"column":4},"end":{"line":112,"column":14},"skip":true},"4":{"start":{"line":114,"column":4},"end":{"line":114,"column":64},"skip":true},"5":{"start":{"line":116,"column":4},"end":{"line":133,"column":5},"skip":true},"6":{"start":{"line":117,"column":8},"end":{"line":117,"column":37},"skip":true},"7":{"start":{"line":118,"column":8},"end":{"line":132,"column":10},"skip":true},"8":{"start":{"line":123,"column":12},"end":{"line":123,"column":24},"skip":true},"9":{"start":{"line":124,"column":12},"end":{"line":124,"column":44},"skip":true},"10":{"start":{"line":126,"column":12},"end":{"line":126,"column":62},"skip":true},"11":{"start":{"line":127,"column":12},"end":{"line":127,"column":49},"skip":true},"12":{"start":{"line":128,"column":12},"end":{"line":128,"column":49},"skip":true},"13":{"start":{"line":129,"column":12},"end":{"line":129,"column":31},"skip":true},"14":{"start":{"line":131,"column":12},"end":{"line":131,"column":30},"skip":true},"15":{"start":{"line":135,"column":4},"end":{"line":135,"column":15},"skip":true},"16":{"start":{"line":136,"column":4},"end":{"line":136,"column":24},"skip":true},"17":{"start":{"line":137,"column":4},"end":{"line":137,"column":35},"skip":true},"18":{"start":{"line":139,"column":4},"end":{"line":145,"column":6},"skip":true},"19":{"start":{"line":147,"column":4},"end":{"line":172,"column":6},"skip":true},"20":{"start":{"line":151,"column":8},"end":{"line":151,"column":16},"skip":true},"21":{"start":{"line":152,"column":8},"end":{"line":154,"column":9},"skip":true},"22":{"start":{"line":153,"column":12},"end":{"line":153,"column":19},"skip":true},"23":{"start":{"line":155,"column":8},"end":{"line":170,"column":10},"skip":true},"24":{"start":{"line":171,"column":8},"end":{"line":171,"column":18},"skip":true},"25":{"start":{"line":173,"column":4},"end":{"line":190,"column":6},"skip":true},"26":{"start":{"line":177,"column":8},"end":{"line":177,"column":26},"skip":true},"27":{"start":{"line":178,"column":8},"end":{"line":182,"column":9},"skip":true},"28":{"start":{"line":179,"column":12},"end":{"line":179,"column":53},"skip":true},"29":{"start":{"line":181,"column":12},"end":{"line":181,"column":19},"skip":true},"30":{"start":{"line":183,"column":8},"end":{"line":189,"column":11},"skip":true},"31":{"start":{"line":191,"column":4},"end":{"line":220,"column":6},"skip":true},"32":{"start":{"line":195,"column":8},"end":{"line":195,"column":15},"skip":true},"33":{"start":{"line":196,"column":8},"end":{"line":200,"column":9},"skip":true},"34":{"start":{"line":197,"column":12},"end":{"line":197,"column":31},"skip":true},"35":{"start":{"line":199,"column":12},"end":{"line":199,"column":19},"skip":true},"36":{"start":{"line":202,"column":8},"end":{"line":219,"column":9},"skip":true},"37":{"start":{"line":203,"column":12},"end":{"line":203,"column":41},"skip":true},"38":{"start":{"line":206,"column":12},"end":{"line":216,"column":14},"skip":true},"39":{"start":{"line":218,"column":12},"end":{"line":218,"column":41},"skip":true},"40":{"start":{"line":221,"column":4},"end":{"line":228,"column":6},"skip":true},"41":{"start":{"line":227,"column":8},"end":{"line":227,"column":32},"skip":true},"42":{"start":{"line":229,"column":4},"end":{"line":234,"column":6},"skip":true},"43":{"start":{"line":233,"column":8},"end":{"line":233,"column":21},"skip":true},"44":{"start":{"line":235,"column":4},"end":{"line":240,"column":6},"skip":true},"45":{"start":{"line":239,"column":8},"end":{"line":239,"column":15},"skip":true},"46":{"start":{"line":241,"column":4},"end":{"line":258,"column":6},"skip":true},"47":{"start":{"line":247,"column":8},"end":{"line":247,"column":30},"skip":true},"48":{"start":{"line":248,"column":8},"end":{"line":256,"column":11},"skip":true},"49":{"start":{"line":249,"column":12},"end":{"line":255,"column":13},"skip":true},"50":{"start":{"line":254,"column":16},"end":{"line":254,"column":57},"skip":true},"51":{"start":{"line":257,"column":8},"end":{"line":257,"column":22},"skip":true},"52":{"start":{"line":260,"column":4},"end":{"line":288,"column":5},"skip":true},"53":{"start":{"line":261,"column":8},"end":{"line":261,"column":41},"skip":true},"54":{"start":{"line":262,"column":8},"end":{"line":262,"column":41},"skip":true},"55":{"start":{"line":263,"column":8},"end":{"line":263,"column":55},"skip":true},"56":{"start":{"line":264,"column":8},"end":{"line":264,"column":43},"skip":true},"57":{"start":{"line":265,"column":8},"end":{"line":265,"column":41},"skip":true},"58":{"start":{"line":266,"column":8},"end":{"line":266,"column":39},"skip":true},"59":{"start":{"line":267,"column":8},"end":{"line":267,"column":35},"skip":true},"60":{"start":{"line":268,"column":8},"end":{"line":268,"column":41},"skip":true},"61":{"start":{"line":269,"column":8},"end":{"line":269,"column":41},"skip":true},"62":{"start":{"line":270,"column":8},"end":{"line":270,"column":33},"skip":true},"63":{"start":{"line":271,"column":8},"end":{"line":271,"column":37},"skip":true},"64":{"start":{"line":272,"column":8},"end":{"line":272,"column":39},"skip":true},"65":{"start":{"line":273,"column":8},"end":{"line":273,"column":35},"skip":true},"66":{"start":{"line":274,"column":8},"end":{"line":274,"column":33},"skip":true},"67":{"start":{"line":275,"column":8},"end":{"line":275,"column":37},"skip":true},"68":{"start":{"line":276,"column":8},"end":{"line":276,"column":51},"skip":true},"69":{"start":{"line":277,"column":8},"end":{"line":277,"column":45},"skip":true},"70":{"start":{"line":278,"column":8},"end":{"line":278,"column":37},"skip":true},"71":{"start":{"line":279,"column":8},"end":{"line":279,"column":41},"skip":true},"72":{"start":{"line":280,"column":8},"end":{"line":280,"column":57},"skip":true},"73":{"start":{"line":281,"column":8},"end":{"line":281,"column":41},"skip":true},"74":{"start":{"line":282,"column":8},"end":{"line":282,"column":35},"skip":true},"75":{"start":{"line":283,"column":8},"end":{"line":283,"column":35},"skip":true},"76":{"start":{"line":284,"column":8},"end":{"line":284,"column":35},"skip":true},"77":{"start":{"line":285,"column":8},"end":{"line":285,"column":37},"skip":true},"78":{"start":{"line":286,"column":8},"end":{"line":286,"column":33},"skip":true},"79":{"start":{"line":287,"column":8},"end":{"line":287,"column":37},"skip":true},"80":{"start":{"line":290,"column":4},"end":{"line":290,"column":37},"skip":true},"81":{"start":{"line":295,"column":0},"end":{"line":949,"column":5}},"82":{"start":{"line":301,"column":0},"end":{"line":310,"column":5}},"83":{"start":{"line":303,"column":0},"end":{"line":307,"column":2}},"84":{"start":{"line":309,"column":0},"end":{"line":309,"column":25}},"85":{"start":{"line":316,"column":0},"end":{"line":405,"column":5},"skip":true},"86":{"start":{"line":317,"column":0},"end":{"line":319,"column":1},"skip":true},"87":{"start":{"line":318,"column":4},"end":{"line":318,"column":11},"skip":true},"88":{"start":{"line":321,"column":0},"end":{"line":348,"column":3},"skip":true},"89":{"start":{"line":322,"column":4},"end":{"line":322,"column":16},"skip":true},"90":{"start":{"line":323,"column":4},"end":{"line":323,"column":13},"skip":true},"91":{"start":{"line":324,"column":4},"end":{"line":324,"column":12},"skip":true},"92":{"start":{"line":325,"column":4},"end":{"line":327,"column":6},"skip":true},"93":{"start":{"line":328,"column":4},"end":{"line":330,"column":5},"skip":true},"94":{"start":{"line":329,"column":8},"end":{"line":329,"column":15},"skip":true},"95":{"start":{"line":331,"column":4},"end":{"line":331,"column":23},"skip":true},"96":{"start":{"line":332,"column":4},"end":{"line":347,"column":6},"skip":true},"97":{"start":{"line":333,"column":8},"end":{"line":333,"column":40},"skip":true},"98":{"start":{"line":334,"column":8},"end":{"line":334,"column":36},"skip":true},"99":{"start":{"line":336,"column":8},"end":{"line":344,"column":22},"skip":true},"100":{"start":{"line":337,"column":12},"end":{"line":341,"column":14},"skip":true},"101":{"start":{"line":346,"column":8},"end":{"line":346,"column":43},"skip":true},"102":{"start":{"line":349,"column":0},"end":{"line":349,"column":68},"skip":true},"103":{"start":{"line":350,"column":0},"end":{"line":350,"column":42},"skip":true},"104":{"start":{"line":351,"column":0},"end":{"line":351,"column":55},"skip":true},"105":{"start":{"line":352,"column":0},"end":{"line":400,"column":2},"skip":true},"106":{"start":{"line":356,"column":4},"end":{"line":399,"column":5},"skip":true},"107":{"start":{"line":366,"column":8},"end":{"line":366,"column":15},"skip":true},"108":{"start":{"line":369,"column":8},"end":{"line":376,"column":9},"skip":true},"109":{"start":{"line":375,"column":12},"end":{"line":375,"column":19},"skip":true},"110":{"start":{"line":378,"column":8},"end":{"line":391,"column":9},"skip":true},"111":{"start":{"line":381,"column":12},"end":{"line":381,"column":70},"skip":true},"112":{"start":{"line":382,"column":12},"end":{"line":384,"column":15},"skip":true},"113":{"start":{"line":385,"column":12},"end":{"line":387,"column":49},"skip":true},"114":{"start":{"line":388,"column":12},"end":{"line":388,"column":31},"skip":true},"115":{"start":{"line":389,"column":12},"end":{"line":389,"column":40},"skip":true},"116":{"start":{"line":390,"column":12},"end":{"line":390,"column":19},"skip":true},"117":{"start":{"line":393,"column":8},"end":{"line":395,"column":11},"skip":true},"118":{"start":{"line":396,"column":8},"end":{"line":398,"column":44},"skip":true},"119":{"start":{"line":402,"column":0},"end":{"line":404,"column":3},"skip":true},"120":{"start":{"line":411,"column":0},"end":{"line":948,"column":5},"skip":true},"121":{"start":{"line":412,"column":0},"end":{"line":414,"column":1},"skip":true},"122":{"start":{"line":413,"column":4},"end":{"line":413,"column":11},"skip":true},"123":{"start":{"line":416,"column":0},"end":{"line":416,"column":23},"skip":true},"124":{"start":{"line":419,"column":0},"end":{"line":419,"column":42},"skip":true},"125":{"start":{"line":420,"column":0},"end":{"line":433,"column":3},"skip":true},"126":{"start":{"line":425,"column":4},"end":{"line":425,"column":22},"skip":true},"127":{"start":{"line":426,"column":4},"end":{"line":426,"column":58},"skip":true},"128":{"start":{"line":427,"column":4},"end":{"line":432,"column":5},"skip":true},"129":{"start":{"line":428,"column":8},"end":{"line":431,"column":10},"skip":true},"130":{"start":{"line":435,"column":0},"end":{"line":888,"column":2},"skip":true},"131":{"start":{"line":892,"column":0},"end":{"line":895,"column":28},"skip":true},"132":{"start":{"line":898,"column":0},"end":{"line":915,"column":3},"skip":true},"133":{"start":{"line":903,"column":4},"end":{"line":914,"column":5},"skip":true},"134":{"start":{"line":905,"column":8},"end":{"line":905,"column":48},"skip":true},"135":{"start":{"line":907,"column":8},"end":{"line":907,"column":36},"skip":true},"136":{"start":{"line":909,"column":8},"end":{"line":909,"column":36},"skip":true},"137":{"start":{"line":911,"column":8},"end":{"line":911,"column":23},"skip":true},"138":{"start":{"line":913,"column":8},"end":{"line":913,"column":22},"skip":true},"139":{"start":{"line":916,"column":0},"end":{"line":916,"column":65},"skip":true},"140":{"start":{"line":917,"column":0},"end":{"line":917,"column":56},"skip":true},"141":{"start":{"line":919,"column":0},"end":{"line":921,"column":1},"skip":true},"142":{"start":{"line":920,"column":4},"end":{"line":920,"column":11},"skip":true},"143":{"start":{"line":923,"column":0},"end":{"line":926,"column":2},"skip":true},"144":{"start":{"line":927,"column":0},"end":{"line":927,"column":74},"skip":true},"145":{"start":{"line":930,"column":0},"end":{"line":932,"column":1},"skip":true},"146":{"start":{"line":931,"column":4},"end":{"line":931,"column":74},"skip":true},"147":{"start":{"line":934,"column":0},"end":{"line":936,"column":1},"skip":true},"148":{"start":{"line":935,"column":4},"end":{"line":935,"column":11},"skip":true},"149":{"start":{"line":937,"column":0},"end":{"line":937,"column":46},"skip":true},"150":{"start":{"line":938,"column":0},"end":{"line":938,"column":67},"skip":true},"151":{"start":{"line":939,"column":0},"end":{"line":947,"column":28},"skip":true},"152":{"start":{"line":940,"column":4},"end":{"line":940,"column":45},"skip":true},"153":{"start":{"line":941,"column":4},"end":{"line":944,"column":5},"skip":true},"154":{"start":{"line":942,"column":8},"end":{"line":942,"column":58},"skip":true},"155":{"start":{"line":943,"column":8},"end":{"line":943,"column":15},"skip":true},"156":{"start":{"line":945,"column":4},"end":{"line":945,"column":25},"skip":true},"157":{"start":{"line":946,"column":4},"end":{"line":946,"column":14},"skip":true}},"branchMap":{"1":{"line":114,"type":"binary-expr","locations":[{"start":{"line":114,"column":28},"end":{"line":114,"column":49},"skip":true},{"start":{"line":114,"column":53},"end":{"line":114,"column":63},"skip":true}]},"2":{"line":116,"type":"if","locations":[{"start":{"line":116,"column":4},"end":{"line":116,"column":4},"skip":true},{"start":{"line":116,"column":4},"end":{"line":116,"column":4},"skip":true}]},"3":{"line":140,"type":"binary-expr","locations":[{"start":{"line":140,"column":8},"end":{"line":140,"column":34},"skip":true},{"start":{"line":141,"column":11},"end":{"line":141,"column":32},"skip":true},{"start":{"line":142,"column":11},"end":{"line":142,"column":54},"skip":true},{"start":{"line":143,"column":11},"end":{"line":143,"column":26},"skip":true},{"start":{"line":144,"column":11},"end":{"line":144,"column":62},"skip":true}]},"4":{"line":152,"type":"if","locations":[{"start":{"line":152,"column":8},"end":{"line":152,"column":8},"skip":true},{"start":{"line":152,"column":8},"end":{"line":152,"column":8},"skip":true}]},"5":{"line":156,"type":"cond-expr","locations":[{"start":{"line":162,"column":14},"end":{"line":162,"column":21},"skip":true},{"start":{"line":163,"column":14},"end":{"line":169,"column":13},"skip":true}]},"6":{"line":157,"type":"binary-expr","locations":[{"start":{"line":157,"column":16},"end":{"line":157,"column":23},"skip":true},{"start":{"line":158,"column":19},"end":{"line":158,"column":54},"skip":true},{"start":{"line":159,"column":19},"end":{"line":159,"column":52},"skip":true}]},"7":{"line":164,"type":"cond-expr","locations":[{"start":{"line":166,"column":18},"end":{"line":166,"column":25},"skip":true},{"start":{"line":168,"column":18},"end":{"line":168,"column":50},"skip":true}]},"8":{"line":227,"type":"binary-expr","locations":[{"start":{"line":227,"column":15},"end":{"line":227,"column":18},"skip":true},{"start":{"line":227,"column":22},"end":{"line":227,"column":31},"skip":true}]},"9":{"line":247,"type":"binary-expr","locations":[{"start":{"line":247,"column":17},"end":{"line":247,"column":23},"skip":true},{"start":{"line":247,"column":27},"end":{"line":247,"column":29},"skip":true}]},"10":{"line":248,"type":"binary-expr","locations":[{"start":{"line":248,"column":20},"end":{"line":248,"column":26},"skip":true},{"start":{"line":248,"column":30},"end":{"line":248,"column":32},"skip":true}]},"11":{"line":249,"type":"if","locations":[{"start":{"line":249,"column":12},"end":{"line":249,"column":12},"skip":true},{"start":{"line":249,"column":12},"end":{"line":249,"column":12},"skip":true}]},"12":{"line":250,"type":"binary-expr","locations":[{"start":{"line":250,"column":16},"end":{"line":250,"column":36},"skip":true},{"start":{"line":251,"column":19},"end":{"line":251,"column":44},"skip":true},{"start":{"line":252,"column":19},"end":{"line":252,"column":37},"skip":true}]},"13":{"line":254,"type":"binary-expr","locations":[{"start":{"line":254,"column":30},"end":{"line":254,"column":41},"skip":true},{"start":{"line":254,"column":45},"end":{"line":254,"column":56},"skip":true}]},"14":{"line":260,"type":"if","locations":[{"start":{"line":260,"column":4},"end":{"line":260,"column":4},"skip":true},{"start":{"line":260,"column":4},"end":{"line":260,"column":4},"skip":true}]},"15":{"line":289,"type":"binary-expr","locations":[{"start":{"line":289,"column":3},"end":{"line":289,"column":33},"skip":true},{"start":{"line":289,"column":37},"end":{"line":289,"column":47},"skip":true},{"start":{"line":289,"column":53},"end":{"line":291,"column":3},"skip":true}]},"16":{"line":304,"type":"binary-expr","locations":[{"start":{"line":304,"column":4},"end":{"line":304,"column":30}},{"start":{"line":305,"column":7},"end":{"line":305,"column":45}},{"start":{"line":306,"column":7},"end":{"line":306,"column":40}}]},"17":{"line":317,"type":"if","locations":[{"start":{"line":317,"column":0},"end":{"line":317,"column":0},"skip":true},{"start":{"line":317,"column":0},"end":{"line":317,"column":0},"skip":true}]},"18":{"line":328,"type":"if","locations":[{"start":{"line":328,"column":4},"end":{"line":328,"column":4},"skip":true},{"start":{"line":328,"column":4},"end":{"line":328,"column":4},"skip":true}]},"19":{"line":338,"type":"cond-expr","locations":[{"start":{"line":339,"column":18},"end":{"line":339,"column":21},"skip":true},{"start":{"line":340,"column":18},"end":{"line":340,"column":46},"skip":true}]},"20":{"line":351,"type":"binary-expr","locations":[{"start":{"line":351,"column":21},"end":{"line":351,"column":29},"skip":true},{"start":{"line":351,"column":33},"end":{"line":351,"column":54},"skip":true}]},"21":{"line":356,"type":"switch","locations":[{"start":{"line":365,"column":4},"end":{"line":366,"column":15},"skip":true},{"start":{"line":368,"column":4},"end":{"line":398,"column":44},"skip":true}]},"22":{"line":357,"type":"binary-expr","locations":[{"start":{"line":357,"column":8},"end":{"line":357,"column":20},"skip":true},{"start":{"line":358,"column":11},"end":{"line":358,"column":23},"skip":true},{"start":{"line":360,"column":12},"end":{"line":360,"column":24},"skip":true},{"start":{"line":361,"column":16},"end":{"line":361,"column":62},"skip":true}]},"23":{"line":361,"type":"binary-expr","locations":[{"start":{"line":361,"column":34},"end":{"line":361,"column":44},"skip":true},{"start":{"line":361,"column":48},"end":{"line":361,"column":61},"skip":true}]},"24":{"line":369,"type":"if","locations":[{"start":{"line":369,"column":8},"end":{"line":369,"column":8},"skip":true},{"start":{"line":369,"column":8},"end":{"line":369,"column":8},"skip":true}]},"25":{"line":370,"type":"binary-expr","locations":[{"start":{"line":370,"column":12},"end":{"line":370,"column":62},"skip":true},{"start":{"line":371,"column":15},"end":{"line":373,"column":36},"skip":true}]},"26":{"line":370,"type":"binary-expr","locations":[{"start":{"line":370,"column":13},"end":{"line":370,"column":23},"skip":true},{"start":{"line":370,"column":27},"end":{"line":370,"column":40},"skip":true}]},"27":{"line":371,"type":"binary-expr","locations":[{"start":{"line":371,"column":17},"end":{"line":371,"column":29},"skip":true},{"start":{"line":371,"column":33},"end":{"line":373,"column":35},"skip":true}]},"28":{"line":378,"type":"if","locations":[{"start":{"line":378,"column":8},"end":{"line":378,"column":8},"skip":true},{"start":{"line":378,"column":8},"end":{"line":378,"column":8},"skip":true}]},"29":{"line":412,"type":"if","locations":[{"start":{"line":412,"column":0},"end":{"line":412,"column":0},"skip":true},{"start":{"line":412,"column":0},"end":{"line":412,"column":0},"skip":true}]},"30":{"line":419,"type":"binary-expr","locations":[{"start":{"line":419,"column":19},"end":{"line":419,"column":35},"skip":true},{"start":{"line":419,"column":39},"end":{"line":419,"column":41},"skip":true}]},"31":{"line":426,"type":"binary-expr","locations":[{"start":{"line":426,"column":29},"end":{"line":426,"column":51},"skip":true},{"start":{"line":426,"column":55},"end":{"line":426,"column":57},"skip":true}]},"32":{"line":427,"type":"if","locations":[{"start":{"line":427,"column":4},"end":{"line":427,"column":4},"skip":true},{"start":{"line":427,"column":4},"end":{"line":427,"column":4},"skip":true}]},"33":{"line":893,"type":"binary-expr","locations":[{"start":{"line":893,"column":4},"end":{"line":893,"column":53},"skip":true},{"start":{"line":894,"column":4},"end":{"line":895,"column":27},"skip":true}]},"34":{"line":903,"type":"switch","locations":[{"start":{"line":904,"column":4},"end":{"line":905,"column":48},"skip":true},{"start":{"line":906,"column":4},"end":{"line":907,"column":36},"skip":true},{"start":{"line":908,"column":4},"end":{"line":909,"column":36},"skip":true},{"start":{"line":910,"column":4},"end":{"line":911,"column":23},"skip":true},{"start":{"line":912,"column":4},"end":{"line":913,"column":22},"skip":true}]},"35":{"line":919,"type":"if","locations":[{"start":{"line":919,"column":0},"end":{"line":919,"column":0},"skip":true},{"start":{"line":919,"column":0},"end":{"line":919,"column":0},"skip":true}]},"36":{"line":919,"type":"binary-expr","locations":[{"start":{"line":919,"column":4},"end":{"line":919,"column":27},"skip":true},{"start":{"line":919,"column":31},"end":{"line":919,"column":57},"skip":true}]},"37":{"line":924,"type":"binary-expr","locations":[{"start":{"line":924,"column":4},"end":{"line":924,"column":42},"skip":true},{"start":{"line":925,"column":7},"end":{"line":925,"column":48},"skip":true}]},"38":{"line":927,"type":"binary-expr","locations":[{"start":{"line":927,"column":35},"end":{"line":927,"column":67},"skip":true},{"start":{"line":927,"column":71},"end":{"line":927,"column":73},"skip":true}]},"39":{"line":930,"type":"if","locations":[{"start":{"line":930,"column":0},"end":{"line":930,"column":0},"skip":true},{"start":{"line":930,"column":0},"end":{"line":930,"column":0},"skip":true}]},"40":{"line":934,"type":"if","locations":[{"start":{"line":934,"column":0},"end":{"line":934,"column":0},"skip":true},{"start":{"line":934,"column":0},"end":{"line":934,"column":0},"skip":true}]},"41":{"line":937,"type":"binary-expr","locations":[{"start":{"line":937,"column":19},"end":{"line":937,"column":35},"skip":true},{"start":{"line":937,"column":39},"end":{"line":937,"column":45},"skip":true}]},"42":{"line":941,"type":"if","locations":[{"start":{"line":941,"column":4},"end":{"line":941,"column":4},"skip":true},{"start":{"line":941,"column":4},"end":{"line":941,"column":4},"skip":true}]}},"code":["","","","","","","","","","","","","","","","","","","","","","","","","","","","","","","","","","","","","","","","","","","","","","","","","","","","","","","","","","","","","","","","","","","","","","","","","","","","","","","","","","","","","","","","","","/*","example.js","","this script will run a web-demo of child-process-rmrf","","instruction","    1. save this script as example.js","    2. run shell-command:","        $ npm install kaizhu256/node-child-process-rmrf#alpha && \\","            PORT=8081 node example.js","    3. open a browser to http://127.0.0.1:8081 and play with web-demo","    4. edit this script to suit your needs","*/","","","","/* istanbul instrument in package child_process_rmrf */","/* istanbul ignore next */","/* jslint utility2:true */","(function (globalThis) {","    \"use strict\";","    var consoleError;","    var local;","    // init globalThis","    globalThis.globalThis = globalThis.globalThis || globalThis;","    // init debug_inline","    if (!globalThis[\"debug\\u0049nline\"]) {","        consoleError = console.error;","        globalThis[\"debug\\u0049nline\"] = function () {","        /*","         * this function will both print <arguments> to stderr","         * and return <arguments>[0]","         */","            var argList;","            argList = Array.from(arguments); // jslint ignore:line","            // debug arguments","            globalThis[\"debug\\u0049nlineArguments\"] = argList;","            consoleError(\"\\n\\ndebug\\u0049nline\");","            consoleError.apply(console, argList);","            consoleError(\"\\n\");","            // return arg0 for inspection","            return argList[0];","        };","    }","    // init local","    local = {};","    local.local = local;","    globalThis.globalLocal = local;","    // init isBrowser","    local.isBrowser = (","        typeof window === \"object\"","        && window === globalThis","        && typeof window.XMLHttpRequest === \"function\"","        && window.document","        && typeof window.document.querySelector === \"function\"","    );","    // init function","    local.assertThrow = function (passed, message) {","    /*","     * this function will throw err.<message> if <passed> is falsy","     */","        var err;","        if (passed) {","            return;","        }","        err = (","            (","                message","                && typeof message.message === \"string\"","                && typeof message.stack === \"string\"","            )","            // if message is errObj, then leave as is","            ? message","            : new Error(","                typeof message === \"string\"","                // if message is a string, then leave as is","                ? message","                // else JSON.stringify message","                : JSON.stringify(message, null, 4)","            )","        );","        throw err;","    };","    local.fsRmrfSync = function (dir) {","    /*","     * this function will sync \"rm -rf\" <dir>","     */","        var child_process;","        try {","            child_process = require(\"child_process\");","        } catch (ignore) {","            return;","        }","        child_process.spawnSync(\"rm\", [","            \"-rf\", dir","        ], {","            stdio: [","                \"ignore\", 1, 2","            ]","        });","    };","    local.fsWriteFileWithMkdirpSync = function (file, data) {","    /*","     * this function will sync write <data> to <file> with \"mkdir -p\"","     */","        var fs;","        try {","            fs = require(\"fs\");","        } catch (ignore) {","            return;","        }","        // try to write file","        try {","            fs.writeFileSync(file, data);","        } catch (ignore) {","            // mkdir -p","            require(\"child_process\").spawnSync(","                \"mkdir\",","                [","                    \"-p\", require(\"path\").dirname(file)","                ],","                {","                    stdio: [","                        \"ignore\", 1, 2","                    ]","                }","            );","            // rewrite file","            fs.writeFileSync(file, data);","        }","    };","    local.functionOrNop = function (fnc) {","    /*","     * this function will if <fnc> exists,","     * them return <fnc>,","     * else return <nop>","     */","        return fnc || local.nop;","    };","    local.identity = function (value) {","    /*","     * this function will return <value>","     */","        return value;","    };","    local.nop = function () {","    /*","     * this function will do nothing","     */","        return;","    };","    local.objectAssignDefault = function (target, source) {","    /*","     * this function will if items from <target> are","     * null, undefined, or empty-string,","     * then overwrite them with items from <source>","     */","        target = target || {};","        Object.keys(source || {}).forEach(function (key) {","            if (","                target[key] === null","                || target[key] === undefined","                || target[key] === \"\"","            ) {","                target[key] = target[key] || source[key];","            }","        });","        return target;","    };","    // require builtin","    if (!local.isBrowser) {","        local.assert = require(\"assert\");","        local.buffer = require(\"buffer\");","        local.child_process = require(\"child_process\");","        local.cluster = require(\"cluster\");","        local.crypto = require(\"crypto\");","        local.dgram = require(\"dgram\");","        local.dns = require(\"dns\");","        local.domain = require(\"domain\");","        local.events = require(\"events\");","        local.fs = require(\"fs\");","        local.http = require(\"http\");","        local.https = require(\"https\");","        local.net = require(\"net\");","        local.os = require(\"os\");","        local.path = require(\"path\");","        local.querystring = require(\"querystring\");","        local.readline = require(\"readline\");","        local.repl = require(\"repl\");","        local.stream = require(\"stream\");","        local.string_decoder = require(\"string_decoder\");","        local.timers = require(\"timers\");","        local.tls = require(\"tls\");","        local.tty = require(\"tty\");","        local.url = require(\"url\");","        local.util = require(\"util\");","        local.vm = require(\"vm\");","        local.zlib = require(\"zlib\");","    }","}((typeof globalThis === \"object\" && globalThis) || (function () {","    return Function(\"return this\")(); // jslint ignore:line","}())));","","","","(function (local) {","\"use strict\";","","","","// run shared js-env code - init-before","(function () {","// init local","local = (","    globalThis.utility2_rollup","    || globalThis.utility2_child_process_rmrf","    || globalThis.utility2_moduleExports",");","// init exports","globalThis.local = local;","}());","","","","/* istanbul ignore next */","// run browser js-env code - init-test","(function () {","if (!local.isBrowser) {","    return;","}","// log stderr and stdout to #outputStdout1","[\"error\", \"log\"].forEach(function (key) {","    var argList;","    var elem;","    var fnc;","    elem = document.querySelector(","        \"#outputStdout1\"","    );","    if (!elem) {","        return;","    }","    fnc = console[key];","    console[key] = function () {","        argList = Array.from(arguments); // jslint ignore:line","        fnc.apply(console, argList);","        // append text to #outputStdout1","        elem.textContent += argList.map(function (arg) {","            return (","                typeof arg === \"string\"","                ? arg","                : JSON.stringify(arg, null, 4)","            );","        }).join(\" \").replace((","            /\\u001b\\[\\d*m/g","        ), \"\") + \"\\n\";","        // scroll textarea to bottom","        elem.scrollTop = elem.scrollHeight;","    };","});","local.objectAssignDefault(local, globalThis.domOnEventDelegateDict);","globalThis.domOnEventDelegateDict = local;","local.onEventDomDb = local.db && local.db.onEventDomDb;","local.testRunBrowser = function (evt) {","/*"," * this function will run browser-tests"," */","    switch (","        !evt.ctrlKey","        && !evt.metaKey","        && (","            evt.modeInit","            || (evt.type + \".\" + (evt.target && evt.target.id))","        )","    ) {","    // custom-case","    case true:","        return;","    // run browser-tests","    default:","        if (","            (evt.target && evt.target.id) !== \"testRunButton1\"","            && !(evt.modeInit && (","                /\\bmodeTest=1\\b/","            ).test(location.search))","        ) {","            return;","        }","        // show browser-tests","        if (document.querySelector(","            \"#testReportDiv1\"","        ).style.maxHeight === \"0px\") {","            globalThis.domOnEventDelegateDict.domOnEventResetOutput();","            local.uiAnimateSlideDown(document.querySelector(","                \"#testReportDiv1\"","            ));","            document.querySelector(","                \"#testRunButton1\"","            ).textContent = \"hide internal test\";","            local.modeTest = 1;","            local.testRunDefault(local);","            return;","        }","        // hide browser-tests","        local.uiAnimateSlideUp(document.querySelector(","            \"#testReportDiv1\"","        ));","        document.querySelector(","            \"#testRunButton1\"","        ).textContent = \"run internal test\";","    }","};","","local.testRunBrowser({","    modeInit: true","});","}());","","","","/* istanbul ignore next */","// run node js-env code - init-test","(function () {","if (local.isBrowser) {","    return;","}","// init exports","module.exports = local;","/* validateLineSortedReset */","// init assets","local.assetsDict = local.assetsDict || {};","[","    \"assets.index.template.html\",","    \"assets.swgg.swagger.json\",","    \"assets.swgg.swagger.server.json\"","].forEach(function (file) {","    file = \"/\" + file;","    local.assetsDict[file] = local.assetsDict[file] || \"\";","    if (local.fs.existsSync(local.__dirname + file)) {","        local.assetsDict[file] = local.fs.readFileSync(","            local.__dirname + file,","            \"utf8\"","        );","    }","});","/* jslint ignore:start */","local.assetsDict[\"/assets.index.template.html\"] = '\\","<!doctype html>\\n\\","<html lang=\"en\">\\n\\","<head>\\n\\","<meta charset=\"utf-8\">\\n\\","<meta name=\"viewport\" content=\"width=device-width, initial-scale=1\">\\n\\","<!-- \"assets.utility2.template.html\" -->\\n\\","<title>{{env.npm_package_name}} ({{env.npm_package_version}})</title>\\n\\","<style>\\n\\","/* jslint utility2:true */\\n\\","/*csslint\\n\\","*/\\n\\","/* csslint ignore:start */\\n\\","*,\\n\\","*:after,\\n\\","*:before {\\n\\","    box-sizing: border-box;\\n\\","}\\n\\","/* csslint ignore:end */\\n\\","@keyframes uiAnimateShake {\\n\\","0%,\\n\\","50% {\\n\\","    transform: translateX(10px);\\n\\","}\\n\\","100% {\\n\\","    transform: translateX(0);\\n\\","}\\n\\","25%,\\n\\","75% {\\n\\","    transform: translateX(-10px);\\n\\","}\\n\\","}\\n\\","@keyframes uiAnimateSpin {\\n\\","0% {\\n\\","    transform: rotate(0deg);\\n\\","}\\n\\","100% {\\n\\","    transform: rotate(360deg);\\n\\","}\\n\\","}\\n\\","a {\\n\\","    overflow-wrap: break-word;\\n\\","}\\n\\","body {\\n\\","    background: #eef;\\n\\","    font-family: Arial, Helvetica, sans-serif;\\n\\","    font-size: small;\\n\\","    margin: 0 40px;\\n\\","}\\n\\","body > div,\\n\\","body > form > div,\\n\\","body > form > input,\\n\\","body > form > pre,\\n\\","body > form > .button,\\n\\","body > form > .textarea,\\n\\","body > input,\\n\\","body > pre,\\n\\","body > .button,\\n\\","body > .textarea {\\n\\","    margin-bottom: 20px;\\n\\","    margin-top: 0;\\n\\","}\\n\\","body > form > input,\\n\\","body > form > .button,\\n\\","body > input,\\n\\","body > .button {\\n\\","    width: 20rem;\\n\\","}\\n\\","body > form > .textarea,\\n\\","body > .textarea {\\n\\","    height: 10rem;\\n\\","    width: 100%;\\n\\","}\\n\\","body > .readonly {\\n\\","    background: #ddd;\\n\\","}\\n\\","code,\\n\\","pre,\\n\\",".textarea {\\n\\","    font-family: Consolas, Menlo, monospace;\\n\\","    font-size: smaller;\\n\\","}\\n\\","pre {\\n\\","    overflow-wrap: break-word;\\n\\","    white-space: pre-wrap;\\n\\","}\\n\\",".button {\\n\\","    background: #ddd;\\n\\","    border: 1px solid #999;\\n\\","    color: #000;\\n\\","    cursor: pointer;\\n\\","    display: inline-block;\\n\\","    padding: 2px 5px;\\n\\","    text-align: center;\\n\\","    text-decoration: none;\\n\\","}\\n\\",".button:hover {\\n\\","    background: #bbb;\\n\\","}\\n\\",".colorError {\\n\\","    color: #d00;\\n\\","}\\n\\",".textarea {\\n\\","    background: #fff;\\n\\","    border: 1px solid #999;\\n\\","    border-radius: 0;\\n\\","    cursor: auto;\\n\\","    overflow: auto;\\n\\","    padding: 2px;\\n\\","}\\n\\",".uiAnimateShake {\\n\\","    animation-duration: 500ms;\\n\\","    animation-name: uiAnimateShake;\\n\\","}\\n\\",".uiAnimateSlide {\\n\\","    overflow-y: hidden;\\n\\","    transition: max-height ease-in 250ms, min-height ease-in 250ms, padding-bottom ease-in 250ms, padding-top ease-in 250ms;\\n\\","}\\n\\",".utility2FooterDiv {\\n\\","    text-align: center;\\n\\","}\\n\\",".zeroPixel {\\n\\","    border: 0;\\n\\","    height: 0;\\n\\","    margin: 0;\\n\\","    padding: 0;\\n\\","    width: 0;\\n\\","}\\n\\","</style>\\n\\","</head>\\n\\","<body>\\n\\","<div class=\"uiAnimateSpin\" style=\"animation: uiAnimateSpin 2s linear infinite; border: 5px solid #999; border-radius: 50%; border-top: 5px solid #7d7; display: none; height: 25px; vertical-align: middle; width: 25px;\"></div>\\n\\","<a class=\"zeroPixel\" download=\"db.persistence.json\" href=\"\" id=\"dbExportA1\"></a>\\n\\","<input class=\"zeroPixel\" data-onevent=\"onEventDomDb\" data-onevent-db=\"dbImportInput\" type=\"file\">\\n\\","<script>\\n\\","/* jslint utility2:true */\\n\\","// init domOnEventWindowOnloadTimeElapsed\\n\\","(function () {\\n\\","/*\\n\\"," * this function will measure and print time-elapsed for window.onload\\n\\"," */\\n\\","    \"use strict\";\\n\\","    if (window.domOnEventWindowOnloadTimeElapsed) {\\n\\","        return;\\n\\","    }\\n\\","    window.domOnEventWindowOnloadTimeElapsed = Date.now() + 100;\\n\\","    window.addEventListener(\"load\", function () {\\n\\","        setTimeout(function () {\\n\\","            window.domOnEventWindowOnloadTimeElapsed = (\\n\\","                Date.now()\\n\\","                - window.domOnEventWindowOnloadTimeElapsed\\n\\","            );\\n\\","            console.error(\\n\\","                \"domOnEventWindowOnloadTimeElapsed = \"\\n\\","                + window.domOnEventWindowOnloadTimeElapsed\\n\\","            );\\n\\","        }, 100);\\n\\","    });\\n\\","}());\\n\\","\\n\\","\\n\\","\\n\\","// init domOnEventAjaxProgressUpdate\\n\\","(function () {\\n\\","/*\\n\\"," * this function will display incrementing ajax-progress-bar\\n\\"," */\\n\\","    \"use strict\";\\n\\","    var opt;\\n\\","    if (window.domOnEventAjaxProgressUpdate) {\\n\\","        return;\\n\\","    }\\n\\","    window.domOnEventAjaxProgressUpdate = function (gotoState, onError) {\\n\\","        gotoState = (gotoState | 0) + 1;\\n\\","        switch (gotoState) {\\n\\","        // ajaxProgress - show\\n\\","        case 1:\\n\\","            // init timerInterval and timerTimeout\\n\\","            opt.timerInterval = (\\n\\","                opt.timerInterval || setInterval(opt, 2000, 1, onError)\\n\\","            );\\n\\","            opt.timerTimeout = (\\n\\","                opt.timerTimeout || setTimeout(opt, 30000, 2, onError)\\n\\","            );\\n\\","            // show ajaxProgress\\n\\","            if (opt.width !== -1) {\\n\\","                opt.style.background = opt.background;\\n\\","            }\\n\\","            setTimeout(opt, 50, gotoState, onError);\\n\\","            break;\\n\\","        // ajaxProgress - increment\\n\\","        case 2:\\n\\","            // show ajaxProgress\\n\\","            if (opt.width === -1) {\\n\\","                return;\\n\\","            }\\n\\","            opt.style.background = opt.background;\\n\\","            // reset ajaxProgress if it goes too high\\n\\","            if ((opt.style.width.slice(0, -1) | 0) > 95) {\\n\\","                opt.width = 0;\\n\\","            }\\n\\","            // this algorithm will indefinitely increment ajaxProgress\\n\\","            // with successively smaller increments without ever reaching 100%\\n\\","            opt.width += 1;\\n\\","            opt.style.width = Math.max(\\n\\","                100 - 75 * Math.exp(-0.125 * opt.width),\\n\\","                opt.style.width.slice(0, -1) | 0\\n\\","            ) + \"%\";\\n\\","            if (!opt.counter) {\\n\\","                setTimeout(opt, 0, gotoState, onError);\\n\\","            }\\n\\","            break;\\n\\","        // ajaxProgress - 100%\\n\\","        case 3:\\n\\","            opt.width = -1;\\n\\","            opt.style.width = \"100%\";\\n\\","            setTimeout(opt, 1000, gotoState, onError);\\n\\","            break;\\n\\","        // ajaxProgress - hide\\n\\","        case 4:\\n\\","            // cleanup timerInterval and timerTimeout\\n\\","            clearInterval(opt.timerInterval);\\n\\","            opt.timerInterval = null;\\n\\","            clearTimeout(opt.timerTimeout);\\n\\","            opt.timerTimeout = null;\\n\\","            // hide ajaxProgress\\n\\","            opt.style.background = \"transparent\";\\n\\","            if (onError) {\\n\\","                onError();\\n\\","            }\\n\\","            setTimeout(opt, 250, gotoState);\\n\\","            break;\\n\\","        // ajaxProgress - reset\\n\\","        default:\\n\\","            // reset ajaxProgress\\n\\","            opt.counter = 0;\\n\\","            opt.width = 0;\\n\\","            opt.style.width = \"0%\";\\n\\","        }\\n\\","    };\\n\\","    opt = window.domOnEventAjaxProgressUpdate;\\n\\","    opt.end = function (onError) {\\n\\","        opt.counter = 0;\\n\\","        window.domOnEventAjaxProgressUpdate(2, onError);\\n\\","    };\\n\\","    opt.elem = document.getElementById(\"domElementAjaxProgress1\");\\n\\","    if (!opt.elem) {\\n\\","        opt.elem = document.createElement(\"div\");\\n\\","        setTimeout(function () {\\n\\","            document.body.insertBefore(opt.elem, document.body.firstChild);\\n\\","        });\\n\\","    }\\n\\","    opt.elem.id = \"domElementAjaxProgress1\";\\n\\","    opt.style = opt.elem.style;\\n\\","    // init style\\n\\","    Object.entries({\\n\\","        background: \"#d00\",\\n\\","        height: \"2px\",\\n\\","        left: \"0\",\\n\\","        margin: \"0\",\\n\\","        padding: \"0\",\\n\\","        position: \"fixed\",\\n\\","        top: \"0\",\\n\\","        transition: \"background 250ms, width 750ms\",\\n\\","        width: \"0%\",\\n\\","        \"z-index\": \"1\"\\n\\","    }).forEach(function (entry) {\\n\\","        opt.style[entry[0]] = opt.style[entry[0]] || entry[1];\\n\\","    });\\n\\","    // init state\\n\\","    opt.background = opt.style.background;\\n\\","    opt.counter = 0;\\n\\","    opt.width = 0;\\n\\","}());\\n\\","\\n\\","\\n\\","\\n\\","// init domOnEventDelegateDict\\n\\","(function () {\\n\\","/*\\n\\"," * this function will handle delegated dom-event\\n\\"," */\\n\\","    \"use strict\";\\n\\","    var timerTimeoutDict;\\n\\","    if (window.domOnEventDelegateDict) {\\n\\","        return;\\n\\","    }\\n\\","    window.domOnEventDelegateDict = {};\\n\\","    timerTimeoutDict = {};\\n\\","    window.domOnEventDelegateDict.domOnEventDelegate = function (evt) {\\n\\","        evt.targetOnEvent = evt.target.closest(\\n\\","            \"[data-onevent]\"\\n\\","        );\\n\\","        if (\\n\\","            !evt.targetOnEvent\\n\\","            || evt.targetOnEvent.dataset.onevent === \"domOnEventNop\"\\n\\","            || evt.target.closest(\\n\\","                \".disabled, .readonly\"\\n\\","            )\\n\\","        ) {\\n\\","            return;\\n\\","        }\\n\\","        // rate-limit high-frequency-event\\n\\","        switch (evt.type) {\\n\\","        case \"keydown\":\\n\\","        case \"keyup\":\\n\\","            // filter non-input keyboard-event\\n\\","            if (!evt.target.closest(\\n\\","                \"input, option, select, textarea\"\\n\\","            )) {\\n\\","                return;\\n\\","            }\\n\\","            if (timerTimeoutDict[evt.type] !== true) {\\n\\","                timerTimeoutDict[evt.type] = timerTimeoutDict[\\n\\","                    evt.type\\n\\","                ] || setTimeout(function () {\\n\\","                    timerTimeoutDict[evt.type] = true;\\n\\","                    window.domOnEventDelegateDict.domOnEventDelegate(evt);\\n\\","                }, 50);\\n\\","                return;\\n\\","            }\\n\\","            timerTimeoutDict[evt.type] = null;\\n\\","            break;\\n\\","        }\\n\\","        switch (evt.targetOnEvent.tagName) {\\n\\","        case \"BUTTON\":\\n\\","        case \"FORM\":\\n\\","            evt.preventDefault();\\n\\","            break;\\n\\","        }\\n\\","        evt.stopPropagation();\\n\\","        window.domOnEventDelegateDict[evt.targetOnEvent.dataset.onevent](\\n\\","            evt\\n\\","        );\\n\\","    };\\n\\","    window.domOnEventDelegateDict.domOnEventResetOutput = function () {\\n\\","        document.querySelectorAll(\\n\\","            \".onevent-reset-output\"\\n\\","        ).forEach(function (elem) {\\n\\","            switch (elem.tagName) {\\n\\","            case \"INPUT\":\\n\\","            case \"TEXTAREA\":\\n\\","                elem.value = \"\";\\n\\","                break;\\n\\","            case \"PRE\":\\n\\","                elem.textContent = \"\";\\n\\","                break;\\n\\","            default:\\n\\","                elem.innerHTML = \"\";\\n\\","            }\\n\\","        });\\n\\","    };\\n\\","    // init event-handling\\n\\","    [\\n\\","        \"change\",\\n\\","        \"click\",\\n\\","        \"keydown\",\\n\\","        \"submit\"\\n\\","    ].forEach(function (eventType) {\\n\\","        document.addEventListener(\\n\\","            eventType,\\n\\","            window.domOnEventDelegateDict.domOnEventDelegate\\n\\","        );\\n\\","    });\\n\\","}());\\n\\","\\n\\","\\n\\","\\n\\","// init domOnEventSelectAllWithinPre\\n\\","(function () {\\n\\","/*\\n\\"," * this function will limit select-all within <pre tabIndex=\"0\"> elements\\n\\"," * https://stackoverflow.com/questions/985272/selecting-text-in-an-element-akin-to-highlighting-with-your-mouse\\n\\"," */\\n\\","    \"use strict\";\\n\\","    if (window.domOnEventSelectAllWithinPre) {\\n\\","        return;\\n\\","    }\\n\\","    window.domOnEventSelectAllWithinPre = function (evt) {\\n\\","        var range;\\n\\","        var selection;\\n\\","        if (\\n\\","            evt\\n\\","            && evt.key === \"a\"\\n\\","            && (evt.ctrlKey || evt.metaKey)\\n\\","            && evt.target.closest(\\n\\","                \"pre\"\\n\\","            )\\n\\","        ) {\\n\\","            range = document.createRange();\\n\\","            range.selectNodeContents(evt.target.closest(\\n\\","                \"pre\"\\n\\","            ));\\n\\","            selection = window.getSelection();\\n\\","            selection.removeAllRanges();\\n\\","            selection.addRange(range);\\n\\","            evt.preventDefault();\\n\\","        }\\n\\","    };\\n\\","    // init event-handling\\n\\","    document.addEventListener(\\n\\","        \"keydown\",\\n\\","        window.domOnEventSelectAllWithinPre\\n\\","    );\\n\\","}());\\n\\","</script>\\n\\","<h1>\\n\\","<!-- utility2-comment\\n\\","    <a\\n\\","        {{#if env.npm_package_homepage}}\\n\\","        href=\"{{env.npm_package_homepage}}\"\\n\\","        {{/if env.npm_package_homepage}}\\n\\","        target=\"_blank\"\\n\\","    >\\n\\","utility2-comment -->\\n\\","        {{env.npm_package_name}} ({{env.npm_package_version}})\\n\\","<!-- utility2-comment\\n\\","    </a>\\n\\","utility2-comment -->\\n\\","</h1>\\n\\","<h3>{{env.npm_package_description}}</h3>\\n\\","<!-- utility2-comment\\n\\","<a class=\"button\" download href=\"assets.app.js\">download standalone app</a><br>\\n\\","<button class=\"button\" data-onevent=\"testRunBrowser\" id=\"testRunButton1\">run internal test</button><br>\\n\\","<div class=\"uiAnimateSlide\" id=\"testReportDiv1\" style=\"border-bottom: 0; border-top: 0; margin-bottom: 0; margin-top: 0; max-height: 0; padding-bottom: 0; padding-top: 0;\"></div>\\n\\","utility2-comment -->\\n\\","\\n\\","\\n\\","\\n\\","<label>stderr and stdout</label>\\n\\","<pre class=\"onevent-reset-output readonly textarea\" id=\"outputStdout1\" tabIndex=\"0\"></pre>\\n\\","<!-- utility2-comment\\n\\","{{#if isRollup}}\\n\\","<script src=\"assets.app.js\"></script>\\n\\","{{#unless isRollup}}\\n\\","utility2-comment -->\\n\\","<script src=\"assets.utility2.rollup.js\"></script>\\n\\","<script>window.utility2_onReadyBefore.counter += 1;</script>\\n\\","<script src=\"jsonp.utility2.stateInit?callback=window.utility2.stateInit\"></script>\\n\\","<script src=\"assets.child_process_rmrf.js\"></script>\\n\\","<script src=\"assets.example.js\"></script>\\n\\","<script src=\"assets.test.js\"></script>\\n\\","<script>window.utility2_onReadyBefore();</script>\\n\\","<!-- utility2-comment\\n\\","{{/if isRollup}}\\n\\","utility2-comment -->\\n\\","<div class=\"utility2FooterDiv\">\\n\\","    [ this app was created with\\n\\","    <a href=\"https://github.com/kaizhu256/node-utility2\" target=\"_blank\">utility2</a>\\n\\","    ]\\n\\","</div>\\n\\","</body>\\n\\","</html>\\n\\","';","/* jslint ignore:end */","/* validateLineSortedReset */","/* jslint ignore:start */","local.assetsDict[\"/assets.child_process_rmrf.js\"] =","    local.assetsDict[\"/assets.child_process_rmrf.js\"] ||","    local.fs.readFileSync(local.__dirname + \"/lib.child_process_rmrf.js\", \"utf8\"",").replace((/^#!\\//), \"// \");","/* jslint ignore:end */","/* validateLineSortedReset */","local.assetsDict[\"/\"] = local.assetsDict[","    \"/assets.index.template.html\"","].replace((","    /\\{\\{env\\.(\\w+?)\\}\\}/g","), function (match0, match1) {","    switch (match1) {","    case \"npm_package_description\":","        return \"the greatest app in the world!\";","    case \"npm_package_name\":","        return \"child-process-rmrf\";","    case \"npm_package_nameLib\":","        return \"child_process_rmrf\";","    case \"npm_package_version\":","        return \"0.0.1\";","    default:","        return match0;","    }","});","local.assetsDict[\"/assets.example.html\"] = local.assetsDict[\"/\"];","local.assetsDict[\"/index.html\"] = local.assetsDict[\"/\"];","// init cli","if (module !== require.main || globalThis.utility2_rollup) {","    return;","}","/* validateLineSortedReset */","local.assetsDict[\"/assets.example.js\"] = (","    local.assetsDict[\"/assets.example.js\"]","    || local.fs.readFileSync(__filename, \"utf8\")",");","local.assetsDict[\"/favicon.ico\"] = local.assetsDict[\"/favicon.ico\"] || \"\";","// if $npm_config_timeout_exit exists,","// then exit this process after $npm_config_timeout_exit ms","if (Number(process.env.npm_config_timeout_exit)) {","    setTimeout(process.exit, Number(process.env.npm_config_timeout_exit));","}","// start server","if (globalThis.utility2_serverHttp1) {","    return;","}","process.env.PORT = process.env.PORT || \"8081\";","console.error(\"http-server listening on port \" + process.env.PORT);","local.http.createServer(function (req, res) {","    req.urlParsed = local.url.parse(req.url);","    if (local.assetsDict[req.urlParsed.pathname] !== undefined) {","        res.end(local.assetsDict[req.urlParsed.pathname]);","        return;","    }","    res.statusCode = 404;","    res.end();","}).listen(process.env.PORT);","}());","}());"],"l":{"109":2,"111":2,"112":2,"114":2,"116":2,"117":1,"118":1,"123":1,"124":1,"126":1,"127":1,"128":1,"129":1,"131":1,"135":2,"136":2,"137":2,"139":2,"147":2,"151":1,"152":1,"153":1,"155":1,"171":1,"173":2,"177":1,"178":1,"179":1,"181":1,"183":1,"191":2,"195":1,"196":1,"197":1,"199":1,"202":1,"203":1,"206":1,"218":1,"221":2,"227":1,"229":2,"233":1,"235":2,"239":1,"241":2,"247":1,"248":1,"249":1,"254":1,"257":1,"260":2,"261":1,"262":1,"263":1,"264":1,"265":1,"266":1,"267":1,"268":1,"269":1,"270":1,"271":1,"272":1,"273":1,"274":1,"275":1,"276":1,"277":1,"278":1,"279":1,"280":1,"281":1,"282":1,"283":1,"284":1,"285":1,"286":1,"287":1,"290":1,"295":2,"301":2,"303":2,"309":2,"316":2,"317":2,"318":1,"321":1,"322":2,"323":2,"324":2,"325":2,"328":2,"329":1,"331":2,"332":2,"333":4,"334":4,"336":4,"337":4,"346":4,"349":1,"350":1,"351":1,"352":1,"356":1,"366":1,"369":1,"375":1,"378":1,"381":1,"382":1,"385":1,"388":1,"389":1,"390":1,"393":1,"396":1,"402":1,"411":2,"412":2,"413":1,"416":1,"419":1,"420":1,"425":3,"426":3,"427":3,"428":1,"435":1,"892":1,"898":1,"903":6,"905":1,"907":2,"909":1,"911":2,"913":1,"916":1,"917":1,"919":1,"920":1,"923":1,"927":1,"930":1,"931":1,"934":1,"935":1,"937":1,"938":1,"939":1,"940":1,"941":1,"942":1,"943":1,"945":1,"946":1}}}